[INFO] main.py:39 > Namespace(mode='L2P', dataset='cifar100', n_tasks=10, n=50, m=10, rnd_seed=1, memory_size=2000, log_path='results', model_name='resnet34', opt_name='adam', sched_name='default', batchsize=16, n_worker=0, lr=0.03, init_model=False, init_opt=False, topk=1, use_amp=True, transforms=['cutmix', 'autoaug'], gpu_transform=True, reg_coef=100, data_dir=None, debug=False, note='clib', eval_period=100, temp_batchsize=None, online_iter=3.0, num_gpus=1, workers_per_gpu=1, imp_update_period=1, lr_step=0.95, lr_length=10, lr_period=10, memory_epoch=256, distilling=True, agem_batch=240, mir_cands=50)
[INFO] main.py:48 > Set the device (cuda)
[INFO] main.py:94 > Using train-transforms Compose(
    RandomCrop(size=(32, 32), padding=4)
    RandomHorizontalFlip(p=0.5)
    AutoAugment(policy=AutoAugmentPolicy.CIFAR10, fill=None)
    ConvertImageDtype()
    Normalize(mean=(0.5071, 0.4867, 0.4408), std=(0.2675, 0.2565, 0.2761))
)
[INFO] main.py:104 > [1] Select a CIL method (L2P)
[INFO] main.py:110 > [2] Incrementally training 10 tasks
[INFO] main.py:123 > [2-1] Prepare a datalist for the current task
[INFO] L2P.py:339 > Train | Sample # 8 | train_loss 20.4200 | train_acc 0.7448 | lr 0.029928 | running_time 0:00:03 | ETA 6:09:27
[INFO] L2P.py:339 > Train | Sample # 16 | train_loss 40.0154 | train_acc 0.8229 | lr 0.029856 | running_time 0:00:06 | ETA 5:37:31
[INFO] L2P.py:339 > Train | Sample # 24 | train_loss 39.9356 | train_acc 0.8021 | lr 0.029785 | running_time 0:00:09 | ETA 5:25:44
[INFO] L2P.py:339 > Train | Sample # 32 | train_loss 40.2047 | train_acc 0.7396 | lr 0.029713 | running_time 0:00:12 | ETA 5:20:04
[INFO] L2P.py:339 > Train | Sample # 40 | train_loss 40.2661 | train_acc 0.6823 | lr 0.029642 | running_time 0:00:15 | ETA 5:16:27
[INFO] L2P.py:339 > Train | Sample # 48 | train_loss 39.9308 | train_acc 0.8047 | lr 0.029571 | running_time 0:00:18 | ETA 5:13:59
[INFO] L2P.py:339 > Train | Sample # 56 | train_loss 40.4281 | train_acc 0.6927 | lr 0.029500 | running_time 0:00:20 | ETA 5:11:48
[INFO] L2P.py:339 > Train | Sample # 64 | train_loss 40.5122 | train_acc 0.6510 | lr 0.029429 | running_time 0:00:23 | ETA 5:10:24
[INFO] L2P.py:339 > Train | Sample # 72 | train_loss 39.9118 | train_acc 0.8151 | lr 0.029359 | running_time 0:00:26 | ETA 5:09:13
[INFO] L2P.py:339 > Train | Sample # 80 | train_loss 39.9477 | train_acc 0.8490 | lr 0.029289 | running_time 0:00:29 | ETA 5:08:26
[INFO] L2P.py:339 > Train | Sample # 88 | train_loss 40.4384 | train_acc 0.6458 | lr 0.029218 | running_time 0:00:32 | ETA 5:07:30
[INFO] L2P.py:339 > Train | Sample # 96 | train_loss 40.4378 | train_acc 0.6276 | lr 0.029148 | running_time 0:00:35 | ETA 5:06:48
[INFO] L2P.py:349 > Test | Sample # 100 | test_loss 974.9085 | test_acc 0.7267 | 
[INFO] L2P.py:339 > Train | Sample # 104 | train_loss 39.7803 | train_acc 0.7865 | lr 0.029078 | running_time 0:00:52 | ETA 6:57:09
[INFO] L2P.py:339 > Train | Sample # 112 | train_loss 40.1826 | train_acc 0.7161 | lr 0.029009 | running_time 0:00:55 | ETA 6:49:46
[INFO] L2P.py:339 > Train | Sample # 120 | train_loss 40.0664 | train_acc 0.7344 | lr 0.028939 | running_time 0:00:58 | ETA 6:43:13
[INFO] L2P.py:339 > Train | Sample # 128 | train_loss 40.3602 | train_acc 0.7552 | lr 0.028870 | running_time 0:01:01 | ETA 6:37:25
[INFO] L2P.py:339 > Train | Sample # 136 | train_loss 40.5489 | train_acc 0.6979 | lr 0.028801 | running_time 0:01:04 | ETA 6:32:30
[INFO] L2P.py:339 > Train | Sample # 144 | train_loss 40.4811 | train_acc 0.7292 | lr 0.028732 | running_time 0:01:07 | ETA 6:28:14
[INFO] L2P.py:339 > Train | Sample # 152 | train_loss 40.3353 | train_acc 0.7109 | lr 0.028663 | running_time 0:01:10 | ETA 6:24:07
[INFO] L2P.py:339 > Train | Sample # 160 | train_loss 40.3961 | train_acc 0.7448 | lr 0.028594 | running_time 0:01:13 | ETA 6:20:23
[INFO] L2P.py:339 > Train | Sample # 168 | train_loss 40.3761 | train_acc 0.6693 | lr 0.028525 | running_time 0:01:16 | ETA 6:16:55
[INFO] L2P.py:339 > Train | Sample # 176 | train_loss 40.3381 | train_acc 0.6823 | lr 0.028457 | running_time 0:01:19 | ETA 6:13:53
[INFO] L2P.py:339 > Train | Sample # 184 | train_loss 40.3785 | train_acc 0.6693 | lr 0.028389 | running_time 0:01:22 | ETA 6:11:02
[INFO] L2P.py:339 > Train | Sample # 192 | train_loss 40.3906 | train_acc 0.7422 | lr 0.028321 | running_time 0:01:25 | ETA 6:08:27
[INFO] L2P.py:339 > Train | Sample # 200 | train_loss 40.3749 | train_acc 0.6823 | lr 0.028253 | running_time 0:01:28 | ETA 6:06:05
[INFO] L2P.py:349 > Test | Sample # 200 | test_loss 1037.5750 | test_acc 0.5459 | 
[INFO] L2P.py:339 > Train | Sample # 208 | train_loss 40.4972 | train_acc 0.6693 | lr 0.028185 | running_time 0:01:46 | ETA 7:05:05
[INFO] L2P.py:339 > Train | Sample # 216 | train_loss 40.5187 | train_acc 0.6641 | lr 0.028118 | running_time 0:01:49 | ETA 7:00:49
[INFO] L2P.py:339 > Train | Sample # 224 | train_loss 40.1597 | train_acc 0.7396 | lr 0.028050 | running_time 0:01:52 | ETA 6:56:51
[INFO] L2P.py:339 > Train | Sample # 232 | train_loss 40.5939 | train_acc 0.6562 | lr 0.027983 | running_time 0:01:55 | ETA 6:53:11
[INFO] L2P.py:339 > Train | Sample # 240 | train_loss 40.3974 | train_acc 0.6406 | lr 0.027916 | running_time 0:01:58 | ETA 6:49:46
[INFO] L2P.py:339 > Train | Sample # 248 | train_loss 40.1299 | train_acc 0.7448 | lr 0.027849 | running_time 0:02:04 | ETA 6:56:50
[INFO] L2P.py:339 > Train | Sample # 256 | train_loss 40.5458 | train_acc 0.6979 | lr 0.027782 | running_time 0:02:07 | ETA 6:53:27
[INFO] L2P.py:339 > Train | Sample # 264 | train_loss 40.5461 | train_acc 0.6823 | lr 0.027716 | running_time 0:02:10 | ETA 6:50:23
[INFO] L2P.py:339 > Train | Sample # 272 | train_loss 40.0809 | train_acc 0.7839 | lr 0.027649 | running_time 0:02:13 | ETA 6:47:19
[INFO] L2P.py:339 > Train | Sample # 280 | train_loss 40.3196 | train_acc 0.7344 | lr 0.027583 | running_time 0:02:16 | ETA 6:44:31
[INFO] L2P.py:339 > Train | Sample # 288 | train_loss 40.7328 | train_acc 0.6719 | lr 0.027517 | running_time 0:02:19 | ETA 6:41:51
[INFO] L2P.py:339 > Train | Sample # 296 | train_loss 40.6018 | train_acc 0.6667 | lr 0.027451 | running_time 0:02:22 | ETA 6:39:17
[INFO] L2P.py:349 > Test | Sample # 300 | test_loss 1098.2507 | test_acc 0.5606 | 
[INFO] L2P.py:339 > Train | Sample # 304 | train_loss 40.3825 | train_acc 0.7031 | lr 0.027385 | running_time 0:02:41 | ETA 7:20:56
[INFO] L2P.py:339 > Train | Sample # 312 | train_loss 40.2359 | train_acc 0.7344 | lr 0.027319 | running_time 0:02:44 | ETA 7:17:35
[INFO] L2P.py:339 > Train | Sample # 320 | train_loss 40.5470 | train_acc 0.6276 | lr 0.027254 | running_time 0:02:47 | ETA 7:14:17
[INFO] L2P.py:339 > Train | Sample # 328 | train_loss 40.4895 | train_acc 0.6875 | lr 0.027188 | running_time 0:02:50 | ETA 7:11:15
[INFO] L2P.py:339 > Train | Sample # 336 | train_loss 39.9941 | train_acc 0.7943 | lr 0.027123 | running_time 0:02:53 | ETA 7:08:20
[INFO] L2P.py:339 > Train | Sample # 344 | train_loss 40.2003 | train_acc 0.7656 | lr 0.027058 | running_time 0:02:56 | ETA 7:05:31
[INFO] L2P.py:339 > Train | Sample # 352 | train_loss 40.5635 | train_acc 0.7240 | lr 0.026993 | running_time 0:02:59 | ETA 7:02:50
[INFO] L2P.py:339 > Train | Sample # 360 | train_loss 40.7864 | train_acc 0.6562 | lr 0.026929 | running_time 0:03:02 | ETA 7:00:18
[INFO] L2P.py:339 > Train | Sample # 368 | train_loss 40.2983 | train_acc 0.7474 | lr 0.026864 | running_time 0:03:05 | ETA 6:57:57
[INFO] L2P.py:339 > Train | Sample # 376 | train_loss 40.1939 | train_acc 0.7266 | lr 0.026800 | running_time 0:03:08 | ETA 6:55:41
[INFO] L2P.py:339 > Train | Sample # 384 | train_loss 40.4057 | train_acc 0.6927 | lr 0.026735 | running_time 0:03:12 | ETA 6:53:30
[INFO] L2P.py:339 > Train | Sample # 392 | train_loss 40.6708 | train_acc 0.6745 | lr 0.026671 | running_time 0:03:15 | ETA 6:51:21
[INFO] L2P.py:339 > Train | Sample # 400 | train_loss 40.5267 | train_acc 0.6901 | lr 0.026607 | running_time 0:03:18 | ETA 6:49:18
[INFO] L2P.py:349 > Test | Sample # 400 | test_loss 1124.8492 | test_acc 0.4983 | 
[INFO] L2P.py:339 > Train | Sample # 408 | train_loss 40.3640 | train_acc 0.7474 | lr 0.026544 | running_time 0:03:41 | ETA 7:29:25
[INFO] L2P.py:339 > Train | Sample # 416 | train_loss 40.3882 | train_acc 0.6927 | lr 0.026480 | running_time 0:03:44 | ETA 7:26:38
[INFO] L2P.py:339 > Train | Sample # 424 | train_loss 40.4786 | train_acc 0.6901 | lr 0.026417 | running_time 0:03:47 | ETA 7:24:02
[INFO] L2P.py:339 > Train | Sample # 432 | train_loss 40.3925 | train_acc 0.6901 | lr 0.026353 | running_time 0:03:50 | ETA 7:21:29
[INFO] L2P.py:339 > Train | Sample # 440 | train_loss 40.4983 | train_acc 0.6510 | lr 0.026290 | running_time 0:03:53 | ETA 7:19:02
[INFO] L2P.py:339 > Train | Sample # 448 | train_loss 40.5029 | train_acc 0.6771 | lr 0.026227 | running_time 0:03:56 | ETA 7:16:41
[INFO] L2P.py:339 > Train | Sample # 456 | train_loss 40.3343 | train_acc 0.7526 | lr 0.026164 | running_time 0:03:59 | ETA 7:14:25
[INFO] L2P.py:339 > Train | Sample # 464 | train_loss 40.6897 | train_acc 0.6771 | lr 0.026101 | running_time 0:04:02 | ETA 7:12:10
[INFO] L2P.py:339 > Train | Sample # 472 | train_loss 40.8183 | train_acc 0.6458 | lr 0.026039 | running_time 0:04:05 | ETA 7:10:09
[INFO] L2P.py:339 > Train | Sample # 480 | train_loss 40.5176 | train_acc 0.7135 | lr 0.025976 | running_time 0:04:08 | ETA 7:08:06
[INFO] L2P.py:339 > Train | Sample # 488 | train_loss 40.9345 | train_acc 0.6302 | lr 0.025914 | running_time 0:04:12 | ETA 7:06:08
[INFO] L2P.py:339 > Train | Sample # 496 | train_loss 41.1209 | train_acc 0.5755 | lr 0.025852 | running_time 0:04:15 | ETA 7:04:13
[INFO] L2P.py:349 > Test | Sample # 500 | test_loss 1060.1853 | test_acc 0.3935 | 
[INFO] L2P.py:339 > Train | Sample # 504 | train_loss 40.7694 | train_acc 0.6875 | lr 0.025790 | running_time 0:04:41 | ETA 7:40:35
[INFO] L2P.py:339 > Train | Sample # 512 | train_loss 40.4407 | train_acc 0.6693 | lr 0.025728 | running_time 0:04:44 | ETA 7:38:09
[INFO] L2P.py:339 > Train | Sample # 520 | train_loss 40.7794 | train_acc 0.6484 | lr 0.025667 | running_time 0:04:47 | ETA 7:35:49
[INFO] L2P.py:339 > Train | Sample # 528 | train_loss 40.4643 | train_acc 0.7188 | lr 0.025605 | running_time 0:04:50 | ETA 7:33:34
[INFO] L2P.py:339 > Train | Sample # 536 | train_loss 40.3640 | train_acc 0.7734 | lr 0.025544 | running_time 0:04:53 | ETA 7:31:23
[INFO] L2P.py:339 > Train | Sample # 544 | train_loss 40.7284 | train_acc 0.6562 | lr 0.025482 | running_time 0:04:56 | ETA 7:29:18
[INFO] L2P.py:339 > Train | Sample # 552 | train_loss 40.6428 | train_acc 0.6250 | lr 0.025421 | running_time 0:04:59 | ETA 7:27:14
[INFO] L2P.py:339 > Train | Sample # 560 | train_loss 40.3802 | train_acc 0.7474 | lr 0.025360 | running_time 0:05:02 | ETA 7:25:17
[INFO] L2P.py:339 > Train | Sample # 568 | train_loss 40.7495 | train_acc 0.6901 | lr 0.025300 | running_time 0:05:05 | ETA 7:23:20
[INFO] L2P.py:339 > Train | Sample # 576 | train_loss 40.5105 | train_acc 0.6901 | lr 0.025239 | running_time 0:05:08 | ETA 7:21:29
[INFO] L2P.py:339 > Train | Sample # 584 | train_loss 40.5893 | train_acc 0.6745 | lr 0.025178 | running_time 0:05:11 | ETA 7:19:38
[INFO] L2P.py:339 > Train | Sample # 592 | train_loss 40.0245 | train_acc 0.7448 | lr 0.025118 | running_time 0:05:14 | ETA 7:17:50
[INFO] L2P.py:339 > Train | Sample # 600 | train_loss 40.1387 | train_acc 0.7552 | lr 0.025058 | running_time 0:05:17 | ETA 7:16:03
[INFO] L2P.py:349 > Test | Sample # 600 | test_loss 1142.7365 | test_acc 0.3918 | 
[INFO] L2P.py:339 > Train | Sample # 608 | train_loss 40.5428 | train_acc 0.6667 | lr 0.024998 | running_time 0:05:46 | ETA 7:48:29
[INFO] L2P.py:339 > Train | Sample # 616 | train_loss 39.9411 | train_acc 0.8307 | lr 0.024938 | running_time 0:05:49 | ETA 7:46:21
[INFO] L2P.py:339 > Train | Sample # 624 | train_loss 40.6125 | train_acc 0.6745 | lr 0.024878 | running_time 0:05:52 | ETA 7:44:16
[INFO] L2P.py:339 > Train | Sample # 632 | train_loss 41.2228 | train_acc 0.5729 | lr 0.024818 | running_time 0:05:55 | ETA 7:42:14
[INFO] L2P.py:339 > Train | Sample # 640 | train_loss 40.9994 | train_acc 0.6719 | lr 0.024759 | running_time 0:05:58 | ETA 7:40:17
[INFO] L2P.py:339 > Train | Sample # 648 | train_loss 40.6601 | train_acc 0.6641 | lr 0.024700 | running_time 0:06:01 | ETA 7:38:23
[INFO] L2P.py:339 > Train | Sample # 656 | train_loss 40.2694 | train_acc 0.7318 | lr 0.024640 | running_time 0:06:04 | ETA 7:36:32
[INFO] L2P.py:339 > Train | Sample # 664 | train_loss 40.4885 | train_acc 0.6797 | lr 0.024581 | running_time 0:06:07 | ETA 7:34:43
[INFO] L2P.py:339 > Train | Sample # 672 | train_loss 40.9448 | train_acc 0.7500 | lr 0.024522 | running_time 0:06:10 | ETA 7:32:57
[INFO] L2P.py:339 > Train | Sample # 680 | train_loss 40.7932 | train_acc 0.6510 | lr 0.024464 | running_time 0:06:13 | ETA 7:31:15
[INFO] L2P.py:339 > Train | Sample # 688 | train_loss 40.7948 | train_acc 0.6693 | lr 0.024405 | running_time 0:06:16 | ETA 7:29:34
[INFO] L2P.py:339 > Train | Sample # 696 | train_loss 41.0146 | train_acc 0.5990 | lr 0.024346 | running_time 0:06:19 | ETA 7:27:53
[INFO] L2P.py:349 > Test | Sample # 700 | test_loss 1221.8430 | test_acc 0.4407 | 
[INFO] L2P.py:339 > Train | Sample # 704 | train_loss 40.6420 | train_acc 0.6510 | lr 0.024288 | running_time 0:06:49 | ETA 7:57:40
[INFO] L2P.py:339 > Train | Sample # 712 | train_loss 40.8887 | train_acc 0.6823 | lr 0.024230 | running_time 0:06:52 | ETA 7:55:41
[INFO] L2P.py:339 > Train | Sample # 720 | train_loss 40.5658 | train_acc 0.6771 | lr 0.024172 | running_time 0:06:55 | ETA 7:53:45
[INFO] L2P.py:339 > Train | Sample # 728 | train_loss 40.7928 | train_acc 0.7057 | lr 0.024114 | running_time 0:06:58 | ETA 7:51:50
[INFO] L2P.py:339 > Train | Sample # 736 | train_loss 40.4496 | train_acc 0.7266 | lr 0.024056 | running_time 0:07:01 | ETA 7:49:59
[INFO] L2P.py:339 > Train | Sample # 744 | train_loss 40.9433 | train_acc 0.6250 | lr 0.023998 | running_time 0:07:04 | ETA 7:48:10
[INFO] L2P.py:339 > Train | Sample # 752 | train_loss 40.5757 | train_acc 0.6641 | lr 0.023941 | running_time 0:07:07 | ETA 7:46:23
[INFO] L2P.py:339 > Train | Sample # 760 | train_loss 40.6670 | train_acc 0.6510 | lr 0.023883 | running_time 0:07:10 | ETA 7:44:42
[INFO] L2P.py:339 > Train | Sample # 768 | train_loss 40.6835 | train_acc 0.7057 | lr 0.023826 | running_time 0:07:13 | ETA 7:43:04
[INFO] L2P.py:339 > Train | Sample # 776 | train_loss 40.8275 | train_acc 0.6667 | lr 0.023769 | running_time 0:07:16 | ETA 7:41:24
[INFO] L2P.py:339 > Train | Sample # 784 | train_loss 40.5366 | train_acc 0.6849 | lr 0.023712 | running_time 0:07:19 | ETA 7:39:47
[INFO] L2P.py:339 > Train | Sample # 792 | train_loss 40.4691 | train_acc 0.7161 | lr 0.023655 | running_time 0:07:22 | ETA 7:38:09
[INFO] L2P.py:339 > Train | Sample # 800 | train_loss 40.7192 | train_acc 0.6641 | lr 0.023599 | running_time 0:07:25 | ETA 7:36:37
[INFO] L2P.py:349 > Test | Sample # 800 | test_loss 1153.1242 | test_acc 0.4300 | 
[INFO] L2P.py:339 > Train | Sample # 808 | train_loss 40.1987 | train_acc 0.7708 | lr 0.023542 | running_time 0:07:58 | ETA 8:05:15
[INFO] L2P.py:339 > Train | Sample # 816 | train_loss 40.1513 | train_acc 0.7552 | lr 0.023486 | running_time 0:08:01 | ETA 8:03:26
[INFO] L2P.py:339 > Train | Sample # 824 | train_loss 40.4500 | train_acc 0.7083 | lr 0.023429 | running_time 0:08:04 | ETA 8:01:38
[INFO] L2P.py:339 > Train | Sample # 832 | train_loss 40.9680 | train_acc 0.6250 | lr 0.023373 | running_time 0:08:07 | ETA 7:59:56
[INFO] L2P.py:339 > Train | Sample # 840 | train_loss 40.5868 | train_acc 0.6693 | lr 0.023317 | running_time 0:08:10 | ETA 7:58:13
[INFO] L2P.py:339 > Train | Sample # 848 | train_loss 40.8693 | train_acc 0.6276 | lr 0.023261 | running_time 0:08:13 | ETA 7:56:33
[INFO] L2P.py:339 > Train | Sample # 856 | train_loss 41.6123 | train_acc 0.5234 | lr 0.023205 | running_time 0:08:16 | ETA 7:54:54
[INFO] L2P.py:339 > Train | Sample # 864 | train_loss 40.4238 | train_acc 0.7109 | lr 0.023150 | running_time 0:08:19 | ETA 7:53:17
[INFO] L2P.py:339 > Train | Sample # 872 | train_loss 41.3828 | train_acc 0.6328 | lr 0.023094 | running_time 0:08:22 | ETA 7:51:41
[INFO] L2P.py:339 > Train | Sample # 880 | train_loss 40.5717 | train_acc 0.6979 | lr 0.023039 | running_time 0:08:25 | ETA 7:50:06
[INFO] L2P.py:339 > Train | Sample # 888 | train_loss 40.4181 | train_acc 0.7318 | lr 0.022984 | running_time 0:08:28 | ETA 7:48:34
[INFO] L2P.py:339 > Train | Sample # 896 | train_loss 40.5409 | train_acc 0.6901 | lr 0.022929 | running_time 0:08:31 | ETA 7:47:03
[INFO] L2P.py:349 > Test | Sample # 900 | test_loss 1102.5599 | test_acc 0.3878 | 
[INFO] L2P.py:339 > Train | Sample # 904 | train_loss 40.1129 | train_acc 0.7708 | lr 0.022874 | running_time 0:09:06 | ETA 8:14:54
[INFO] L2P.py:339 > Train | Sample # 912 | train_loss 40.6920 | train_acc 0.6224 | lr 0.022819 | running_time 0:09:09 | ETA 8:13:11
[INFO] L2P.py:339 > Train | Sample # 920 | train_loss 40.7489 | train_acc 0.6667 | lr 0.022764 | running_time 0:09:12 | ETA 8:11:28
[INFO] L2P.py:339 > Train | Sample # 928 | train_loss 40.5845 | train_acc 0.6406 | lr 0.022710 | running_time 0:09:15 | ETA 8:09:48
[INFO] L2P.py:339 > Train | Sample # 936 | train_loss 40.7850 | train_acc 0.6589 | lr 0.022655 | running_time 0:09:18 | ETA 8:08:10
[INFO] L2P.py:339 > Train | Sample # 944 | train_loss 40.4580 | train_acc 0.7240 | lr 0.022601 | running_time 0:09:21 | ETA 8:06:34
[INFO] L2P.py:339 > Train | Sample # 952 | train_loss 40.6587 | train_acc 0.6927 | lr 0.022547 | running_time 0:09:24 | ETA 8:05:03
[INFO] L2P.py:339 > Train | Sample # 960 | train_loss 40.2554 | train_acc 0.7474 | lr 0.022493 | running_time 0:09:27 | ETA 8:03:31
[INFO] L2P.py:339 > Train | Sample # 968 | train_loss 40.5472 | train_acc 0.7005 | lr 0.022439 | running_time 0:09:30 | ETA 8:01:59
[INFO] L2P.py:339 > Train | Sample # 976 | train_loss 40.4319 | train_acc 0.6667 | lr 0.022385 | running_time 0:09:33 | ETA 8:00:29
[INFO] L2P.py:339 > Train | Sample # 984 | train_loss 40.7072 | train_acc 0.6875 | lr 0.022331 | running_time 0:09:36 | ETA 7:59:00
[INFO] L2P.py:339 > Train | Sample # 992 | train_loss 40.3757 | train_acc 0.7318 | lr 0.022278 | running_time 0:09:39 | ETA 7:57:31
[INFO] L2P.py:339 > Train | Sample # 1000 | train_loss 41.5184 | train_acc 0.5286 | lr 0.022224 | running_time 0:09:42 | ETA 7:56:06
[INFO] L2P.py:349 > Test | Sample # 1000 | test_loss 1162.9550 | test_acc 0.4071 | 
[INFO] L2P.py:339 > Train | Sample # 1008 | train_loss 40.0709 | train_acc 0.7422 | lr 0.022171 | running_time 0:10:20 | ETA 8:22:20
[INFO] L2P.py:339 > Train | Sample # 1016 | train_loss 41.2662 | train_acc 0.5365 | lr 0.022118 | running_time 0:10:23 | ETA 8:20:44
[INFO] L2P.py:339 > Train | Sample # 1024 | train_loss 40.6009 | train_acc 0.6823 | lr 0.022065 | running_time 0:10:26 | ETA 8:19:08
[INFO] L2P.py:339 > Train | Sample # 1032 | train_loss 41.3585 | train_acc 0.6536 | lr 0.022012 | running_time 0:10:29 | ETA 8:17:34
[INFO] L2P.py:339 > Train | Sample # 1040 | train_loss 40.5574 | train_acc 0.6589 | lr 0.021959 | running_time 0:10:32 | ETA 8:16:00
[INFO] L2P.py:339 > Train | Sample # 1048 | train_loss 40.7399 | train_acc 0.6536 | lr 0.021906 | running_time 0:10:35 | ETA 8:14:29
[INFO] L2P.py:339 > Train | Sample # 1056 | train_loss 40.7801 | train_acc 0.6589 | lr 0.021854 | running_time 0:10:38 | ETA 8:12:58
[INFO] L2P.py:339 > Train | Sample # 1064 | train_loss 40.3748 | train_acc 0.7240 | lr 0.021802 | running_time 0:10:41 | ETA 8:11:29
[INFO] L2P.py:339 > Train | Sample # 1072 | train_loss 41.1435 | train_acc 0.6641 | lr 0.021749 | running_time 0:10:44 | ETA 8:10:02
[INFO] L2P.py:339 > Train | Sample # 1080 | train_loss 40.5803 | train_acc 0.7396 | lr 0.021697 | running_time 0:10:47 | ETA 8:08:37
[INFO] L2P.py:339 > Train | Sample # 1088 | train_loss 41.1135 | train_acc 0.6849 | lr 0.021645 | running_time 0:10:50 | ETA 8:07:12
[INFO] L2P.py:339 > Train | Sample # 1096 | train_loss 41.0589 | train_acc 0.6380 | lr 0.021593 | running_time 0:10:53 | ETA 8:05:47
[INFO] L2P.py:349 > Test | Sample # 1100 | test_loss 1116.0222 | test_acc 0.3856 | 
[INFO] L2P.py:339 > Train | Sample # 1104 | train_loss 40.4057 | train_acc 0.7422 | lr 0.021541 | running_time 0:11:33 | ETA 8:31:41
[INFO] L2P.py:339 > Train | Sample # 1112 | train_loss 40.8911 | train_acc 0.7109 | lr 0.021490 | running_time 0:11:36 | ETA 8:30:08
[INFO] L2P.py:339 > Train | Sample # 1120 | train_loss 40.7469 | train_acc 0.7031 | lr 0.021438 | running_time 0:11:39 | ETA 8:28:35
[INFO] L2P.py:339 > Train | Sample # 1128 | train_loss 40.5440 | train_acc 0.6901 | lr 0.021387 | running_time 0:11:42 | ETA 8:27:03
[INFO] L2P.py:339 > Train | Sample # 1136 | train_loss 40.4802 | train_acc 0.6979 | lr 0.021336 | running_time 0:11:45 | ETA 8:25:34
[INFO] L2P.py:339 > Train | Sample # 1144 | train_loss 40.5563 | train_acc 0.6510 | lr 0.021285 | running_time 0:11:48 | ETA 8:24:05
[INFO] L2P.py:339 > Train | Sample # 1152 | train_loss 40.5800 | train_acc 0.7865 | lr 0.021233 | running_time 0:11:51 | ETA 8:22:39
[INFO] L2P.py:339 > Train | Sample # 1160 | train_loss 40.3665 | train_acc 0.7526 | lr 0.021183 | running_time 0:11:54 | ETA 8:21:13
[INFO] L2P.py:339 > Train | Sample # 1168 | train_loss 41.1275 | train_acc 0.5703 | lr 0.021132 | running_time 0:11:57 | ETA 8:19:48
[INFO] L2P.py:339 > Train | Sample # 1176 | train_loss 41.0532 | train_acc 0.6562 | lr 0.021081 | running_time 0:12:00 | ETA 8:18:23
[INFO] L2P.py:339 > Train | Sample # 1184 | train_loss 40.9075 | train_acc 0.6771 | lr 0.021031 | running_time 0:12:03 | ETA 8:17:00
[INFO] L2P.py:339 > Train | Sample # 1192 | train_loss 40.5997 | train_acc 0.6849 | lr 0.020980 | running_time 0:12:06 | ETA 8:15:39
[INFO] L2P.py:339 > Train | Sample # 1200 | train_loss 40.7344 | train_acc 0.6849 | lr 0.020930 | running_time 0:12:09 | ETA 8:14:19
[INFO] L2P.py:349 > Test | Sample # 1200 | test_loss 1170.9408 | test_acc 0.3505 | 
[INFO] L2P.py:339 > Train | Sample # 1208 | train_loss 40.7835 | train_acc 0.6849 | lr 0.020880 | running_time 0:12:50 | ETA 8:39:00
[INFO] L2P.py:339 > Train | Sample # 1216 | train_loss 40.4569 | train_acc 0.7083 | lr 0.020830 | running_time 0:12:54 | ETA 8:37:31
[INFO] L2P.py:339 > Train | Sample # 1224 | train_loss 40.3635 | train_acc 0.7214 | lr 0.020780 | running_time 0:12:57 | ETA 8:36:03
[INFO] L2P.py:339 > Train | Sample # 1232 | train_loss 40.9347 | train_acc 0.6042 | lr 0.020730 | running_time 0:13:00 | ETA 8:34:37
[INFO] L2P.py:339 > Train | Sample # 1240 | train_loss 40.2304 | train_acc 0.7214 | lr 0.020680 | running_time 0:13:03 | ETA 8:33:11
[INFO] L2P.py:339 > Train | Sample # 1248 | train_loss 41.3376 | train_acc 0.6250 | lr 0.020631 | running_time 0:13:06 | ETA 8:31:46
[INFO] L2P.py:339 > Train | Sample # 1256 | train_loss 40.6878 | train_acc 0.6693 | lr 0.020581 | running_time 0:13:09 | ETA 8:30:23
[INFO] L2P.py:339 > Train | Sample # 1264 | train_loss 40.8750 | train_acc 0.6589 | lr 0.020532 | running_time 0:13:12 | ETA 8:28:59
[INFO] L2P.py:339 > Train | Sample # 1272 | train_loss 40.9437 | train_acc 0.6484 | lr 0.020483 | running_time 0:13:15 | ETA 8:27:38
[INFO] L2P.py:339 > Train | Sample # 1280 | train_loss 40.8523 | train_acc 0.6302 | lr 0.020434 | running_time 0:13:18 | ETA 8:26:18
[INFO] L2P.py:339 > Train | Sample # 1288 | train_loss 40.4074 | train_acc 0.7161 | lr 0.020385 | running_time 0:13:21 | ETA 8:24:58
[INFO] L2P.py:339 > Train | Sample # 1296 | train_loss 40.7985 | train_acc 0.6615 | lr 0.020336 | running_time 0:13:24 | ETA 8:23:38
[INFO] L2P.py:349 > Test | Sample # 1300 | test_loss 1225.6575 | test_acc 0.3222 | 
[INFO] L2P.py:339 > Train | Sample # 1304 | train_loss 40.9182 | train_acc 0.6302 | lr 0.020287 | running_time 0:14:07 | ETA 8:47:31
[INFO] L2P.py:339 > Train | Sample # 1312 | train_loss 40.4362 | train_acc 0.7266 | lr 0.020238 | running_time 0:14:10 | ETA 8:46:04
[INFO] L2P.py:339 > Train | Sample # 1320 | train_loss 40.6630 | train_acc 0.6719 | lr 0.020190 | running_time 0:14:13 | ETA 8:44:38
[INFO] L2P.py:339 > Train | Sample # 1328 | train_loss 40.4859 | train_acc 0.7630 | lr 0.020141 | running_time 0:14:16 | ETA 8:43:14
[INFO] L2P.py:339 > Train | Sample # 1336 | train_loss 40.6697 | train_acc 0.6875 | lr 0.020093 | running_time 0:14:19 | ETA 8:41:51
[INFO] L2P.py:339 > Train | Sample # 1344 | train_loss 40.8377 | train_acc 0.6953 | lr 0.020045 | running_time 0:14:22 | ETA 8:40:29
[INFO] L2P.py:339 > Train | Sample # 1352 | train_loss 41.3686 | train_acc 0.6562 | lr 0.019997 | running_time 0:14:25 | ETA 8:39:09
[INFO] L2P.py:339 > Train | Sample # 1360 | train_loss 40.7903 | train_acc 0.6719 | lr 0.019949 | running_time 0:14:28 | ETA 8:37:49
[INFO] L2P.py:339 > Train | Sample # 1368 | train_loss 40.8291 | train_acc 0.6302 | lr 0.019901 | running_time 0:14:31 | ETA 8:36:30
[INFO] L2P.py:339 > Train | Sample # 1376 | train_loss 40.6064 | train_acc 0.6667 | lr 0.019853 | running_time 0:14:34 | ETA 8:35:11
[INFO] L2P.py:339 > Train | Sample # 1384 | train_loss 40.5364 | train_acc 0.6667 | lr 0.019806 | running_time 0:14:37 | ETA 8:33:54
[INFO] L2P.py:339 > Train | Sample # 1392 | train_loss 40.5053 | train_acc 0.6172 | lr 0.019758 | running_time 0:14:40 | ETA 8:32:38
[INFO] L2P.py:339 > Train | Sample # 1400 | train_loss 40.8279 | train_acc 0.6979 | lr 0.019711 | running_time 0:14:43 | ETA 8:31:21
[INFO] L2P.py:349 > Test | Sample # 1400 | test_loss 1251.7859 | test_acc 0.3472 | 
[INFO] L2P.py:339 > Train | Sample # 1408 | train_loss 40.9941 | train_acc 0.5807 | lr 0.019664 | running_time 0:15:28 | ETA 8:53:52
[INFO] L2P.py:339 > Train | Sample # 1416 | train_loss 40.9555 | train_acc 0.6198 | lr 0.019617 | running_time 0:15:31 | ETA 8:52:29
[INFO] L2P.py:339 > Train | Sample # 1424 | train_loss 41.0204 | train_acc 0.6276 | lr 0.019570 | running_time 0:15:34 | ETA 8:51:07
[INFO] L2P.py:339 > Train | Sample # 1432 | train_loss 41.3014 | train_acc 0.6667 | lr 0.019523 | running_time 0:15:37 | ETA 8:49:45
[INFO] L2P.py:339 > Train | Sample # 1440 | train_loss 40.8893 | train_acc 0.6406 | lr 0.019476 | running_time 0:15:40 | ETA 8:48:24
[INFO] L2P.py:339 > Train | Sample # 1448 | train_loss 40.8665 | train_acc 0.6198 | lr 0.019429 | running_time 0:15:43 | ETA 8:47:07
[INFO] L2P.py:339 > Train | Sample # 1456 | train_loss 40.7394 | train_acc 0.6068 | lr 0.019383 | running_time 0:15:46 | ETA 8:45:49
[INFO] L2P.py:339 > Train | Sample # 1464 | train_loss 40.8779 | train_acc 0.6432 | lr 0.019336 | running_time 0:15:49 | ETA 8:44:32
[INFO] L2P.py:339 > Train | Sample # 1472 | train_loss 40.8357 | train_acc 0.6042 | lr 0.019290 | running_time 0:15:52 | ETA 8:43:15
[INFO] L2P.py:339 > Train | Sample # 1480 | train_loss 40.5555 | train_acc 0.6432 | lr 0.019244 | running_time 0:15:55 | ETA 8:42:00
[INFO] L2P.py:339 > Train | Sample # 1488 | train_loss 40.2844 | train_acc 0.7344 | lr 0.019197 | running_time 0:15:58 | ETA 8:40:44
[INFO] L2P.py:339 > Train | Sample # 1496 | train_loss 40.9760 | train_acc 0.6198 | lr 0.019151 | running_time 0:16:01 | ETA 8:39:30
[INFO] L2P.py:349 > Test | Sample # 1500 | test_loss 1174.9703 | test_acc 0.3721 | 
[INFO] L2P.py:339 > Train | Sample # 1504 | train_loss 40.4775 | train_acc 0.7370 | lr 0.019105 | running_time 0:16:47 | ETA 9:01:29
[INFO] L2P.py:339 > Train | Sample # 1512 | train_loss 40.3655 | train_acc 0.7474 | lr 0.019060 | running_time 0:16:50 | ETA 9:00:09
[INFO] L2P.py:339 > Train | Sample # 1520 | train_loss 40.7978 | train_acc 0.7109 | lr 0.019014 | running_time 0:16:53 | ETA 8:58:50
[INFO] L2P.py:339 > Train | Sample # 1528 | train_loss 40.5021 | train_acc 0.7214 | lr 0.018968 | running_time 0:16:56 | ETA 8:57:30
[INFO] L2P.py:339 > Train | Sample # 1536 | train_loss 40.4967 | train_acc 0.6510 | lr 0.018923 | running_time 0:16:59 | ETA 8:56:12
[INFO] L2P.py:339 > Train | Sample # 1544 | train_loss 40.5384 | train_acc 0.6771 | lr 0.018878 | running_time 0:17:02 | ETA 8:54:54
[INFO] L2P.py:339 > Train | Sample # 1552 | train_loss 40.9307 | train_acc 0.7083 | lr 0.018832 | running_time 0:17:05 | ETA 8:53:38
[INFO] L2P.py:339 > Train | Sample # 1560 | train_loss 40.6300 | train_acc 0.6979 | lr 0.018787 | running_time 0:17:08 | ETA 8:52:23
[INFO] L2P.py:339 > Train | Sample # 1568 | train_loss 40.8741 | train_acc 0.6250 | lr 0.018742 | running_time 0:17:11 | ETA 8:51:08
[INFO] L2P.py:339 > Train | Sample # 1576 | train_loss 40.9163 | train_acc 0.6146 | lr 0.018697 | running_time 0:17:14 | ETA 8:49:53
[INFO] L2P.py:339 > Train | Sample # 1584 | train_loss 40.7265 | train_acc 0.6562 | lr 0.018652 | running_time 0:17:17 | ETA 8:48:39
[INFO] L2P.py:339 > Train | Sample # 1592 | train_loss 40.9719 | train_acc 0.6406 | lr 0.018608 | running_time 0:17:20 | ETA 8:47:26
[INFO] L2P.py:339 > Train | Sample # 1600 | train_loss 40.4821 | train_acc 0.7188 | lr 0.018563 | running_time 0:17:23 | ETA 8:46:14
[INFO] L2P.py:349 > Test | Sample # 1600 | test_loss 1250.7698 | test_acc 0.2822 | 
[INFO] L2P.py:339 > Train | Sample # 1608 | train_loss 41.0966 | train_acc 0.6771 | lr 0.018519 | running_time 0:18:12 | ETA 9:08:07
[INFO] L2P.py:339 > Train | Sample # 1616 | train_loss 41.4603 | train_acc 0.6432 | lr 0.018474 | running_time 0:18:15 | ETA 9:06:49
[INFO] L2P.py:339 > Train | Sample # 1624 | train_loss 40.6755 | train_acc 0.6797 | lr 0.018430 | running_time 0:18:18 | ETA 9:05:31
[INFO] L2P.py:339 > Train | Sample # 1632 | train_loss 40.5827 | train_acc 0.6458 | lr 0.018386 | running_time 0:18:21 | ETA 9:04:14
[INFO] L2P.py:339 > Train | Sample # 1640 | train_loss 40.6917 | train_acc 0.7005 | lr 0.018342 | running_time 0:18:24 | ETA 9:02:59
[INFO] L2P.py:339 > Train | Sample # 1648 | train_loss 40.6516 | train_acc 0.6432 | lr 0.018298 | running_time 0:18:27 | ETA 9:01:44
[INFO] L2P.py:339 > Train | Sample # 1656 | train_loss 40.4507 | train_acc 0.7448 | lr 0.018254 | running_time 0:18:30 | ETA 9:00:31
[INFO] L2P.py:339 > Train | Sample # 1664 | train_loss 40.9380 | train_acc 0.6146 | lr 0.018210 | running_time 0:18:33 | ETA 8:59:18
[INFO] L2P.py:339 > Train | Sample # 1672 | train_loss 40.9327 | train_acc 0.6250 | lr 0.018166 | running_time 0:18:37 | ETA 8:58:06
[INFO] L2P.py:339 > Train | Sample # 1680 | train_loss 41.7974 | train_acc 0.6042 | lr 0.018123 | running_time 0:18:40 | ETA 8:56:54
[INFO] L2P.py:339 > Train | Sample # 1688 | train_loss 40.7893 | train_acc 0.6719 | lr 0.018079 | running_time 0:18:43 | ETA 8:55:42
[INFO] L2P.py:339 > Train | Sample # 1696 | train_loss 41.0513 | train_acc 0.5938 | lr 0.018036 | running_time 0:18:46 | ETA 8:54:31
[INFO] L2P.py:349 > Test | Sample # 1700 | test_loss 1248.4413 | test_acc 0.3496 | 
[INFO] L2P.py:339 > Train | Sample # 1704 | train_loss 40.0767 | train_acc 0.7656 | lr 0.017993 | running_time 0:19:34 | ETA 9:14:57
[INFO] L2P.py:339 > Train | Sample # 1712 | train_loss 40.7529 | train_acc 0.6172 | lr 0.017950 | running_time 0:19:37 | ETA 9:13:42
[INFO] L2P.py:339 > Train | Sample # 1720 | train_loss 40.6313 | train_acc 0.6797 | lr 0.017907 | running_time 0:19:40 | ETA 9:12:26
[INFO] L2P.py:339 > Train | Sample # 1728 | train_loss 40.7168 | train_acc 0.6745 | lr 0.017864 | running_time 0:19:43 | ETA 9:11:11
[INFO] L2P.py:339 > Train | Sample # 1736 | train_loss 41.0748 | train_acc 0.5859 | lr 0.017821 | running_time 0:19:46 | ETA 9:09:56
[INFO] L2P.py:339 > Train | Sample # 1744 | train_loss 40.8207 | train_acc 0.6667 | lr 0.017778 | running_time 0:19:49 | ETA 9:08:43
[INFO] L2P.py:339 > Train | Sample # 1752 | train_loss 40.5513 | train_acc 0.6693 | lr 0.017736 | running_time 0:19:52 | ETA 9:07:32
[INFO] L2P.py:339 > Train | Sample # 1760 | train_loss 40.4004 | train_acc 0.7318 | lr 0.017693 | running_time 0:19:55 | ETA 9:06:19
[INFO] L2P.py:339 > Train | Sample # 1768 | train_loss 40.7839 | train_acc 0.6250 | lr 0.017651 | running_time 0:19:58 | ETA 9:05:09
[INFO] L2P.py:339 > Train | Sample # 1776 | train_loss 40.8458 | train_acc 0.5417 | lr 0.017608 | running_time 0:20:02 | ETA 9:03:58
[INFO] L2P.py:339 > Train | Sample # 1784 | train_loss 40.5445 | train_acc 0.6953 | lr 0.017566 | running_time 0:20:05 | ETA 9:02:48
[INFO] L2P.py:339 > Train | Sample # 1792 | train_loss 40.2418 | train_acc 0.7474 | lr 0.017524 | running_time 0:20:08 | ETA 9:01:37
[INFO] L2P.py:339 > Train | Sample # 1800 | train_loss 40.7633 | train_acc 0.6510 | lr 0.017482 | running_time 0:20:11 | ETA 9:00:28
[INFO] L2P.py:349 > Test | Sample # 1800 | test_loss 1248.7108 | test_acc 0.3586 | 
[INFO] L2P.py:339 > Train | Sample # 1808 | train_loss 41.4106 | train_acc 0.6224 | lr 0.017440 | running_time 0:20:59 | ETA 9:19:44
[INFO] L2P.py:339 > Train | Sample # 1816 | train_loss 40.6488 | train_acc 0.7083 | lr 0.017398 | running_time 0:21:02 | ETA 9:18:30
[INFO] L2P.py:339 > Train | Sample # 1824 | train_loss 40.9441 | train_acc 0.6901 | lr 0.017357 | running_time 0:21:06 | ETA 9:17:18
[INFO] L2P.py:339 > Train | Sample # 1832 | train_loss 40.7208 | train_acc 0.6484 | lr 0.017315 | running_time 0:21:09 | ETA 9:16:06
[INFO] L2P.py:339 > Train | Sample # 1840 | train_loss 40.6746 | train_acc 0.6224 | lr 0.017273 | running_time 0:21:12 | ETA 9:14:55
[INFO] L2P.py:339 > Train | Sample # 1848 | train_loss 40.5367 | train_acc 0.6901 | lr 0.017232 | running_time 0:21:15 | ETA 9:13:44
[INFO] L2P.py:339 > Train | Sample # 1856 | train_loss 40.3577 | train_acc 0.6797 | lr 0.017191 | running_time 0:21:18 | ETA 9:12:34
[INFO] L2P.py:339 > Train | Sample # 1864 | train_loss 40.7502 | train_acc 0.7005 | lr 0.017150 | running_time 0:21:21 | ETA 9:11:23
[INFO] L2P.py:339 > Train | Sample # 1872 | train_loss 40.3167 | train_acc 0.7031 | lr 0.017108 | running_time 0:21:24 | ETA 9:10:13
[INFO] L2P.py:339 > Train | Sample # 1880 | train_loss 40.3843 | train_acc 0.7526 | lr 0.017067 | running_time 0:21:27 | ETA 9:09:03
[INFO] L2P.py:339 > Train | Sample # 1888 | train_loss 40.3554 | train_acc 0.7344 | lr 0.017026 | running_time 0:21:30 | ETA 9:07:55
[INFO] L2P.py:339 > Train | Sample # 1896 | train_loss 40.3667 | train_acc 0.6849 | lr 0.016986 | running_time 0:21:33 | ETA 9:06:47
[INFO] L2P.py:349 > Test | Sample # 1900 | test_loss 1159.2059 | test_acc 0.3192 | 
[INFO] L2P.py:339 > Train | Sample # 1904 | train_loss 40.2802 | train_acc 0.7396 | lr 0.016945 | running_time 0:22:22 | ETA 9:25:19
[INFO] L2P.py:339 > Train | Sample # 1912 | train_loss 40.6043 | train_acc 0.6562 | lr 0.016904 | running_time 0:22:25 | ETA 9:24:08
[INFO] L2P.py:339 > Train | Sample # 1920 | train_loss 40.5487 | train_acc 0.6797 | lr 0.016864 | running_time 0:22:28 | ETA 9:22:57
[INFO] L2P.py:339 > Train | Sample # 1928 | train_loss 40.9667 | train_acc 0.6172 | lr 0.016823 | running_time 0:22:31 | ETA 9:21:46
[INFO] L2P.py:339 > Train | Sample # 1936 | train_loss 40.5600 | train_acc 0.6849 | lr 0.016783 | running_time 0:22:34 | ETA 9:20:36
[INFO] L2P.py:339 > Train | Sample # 1944 | train_loss 40.6664 | train_acc 0.6875 | lr 0.016743 | running_time 0:22:37 | ETA 9:19:26
[INFO] L2P.py:339 > Train | Sample # 1952 | train_loss 40.7474 | train_acc 0.6354 | lr 0.016703 | running_time 0:22:40 | ETA 9:18:18
[INFO] L2P.py:339 > Train | Sample # 1960 | train_loss 41.0732 | train_acc 0.6849 | lr 0.016663 | running_time 0:22:43 | ETA 9:17:09
[INFO] L2P.py:339 > Train | Sample # 1968 | train_loss 41.8275 | train_acc 0.6250 | lr 0.016623 | running_time 0:22:46 | ETA 9:16:01
[INFO] L2P.py:339 > Train | Sample # 1976 | train_loss 41.1041 | train_acc 0.5833 | lr 0.016583 | running_time 0:22:49 | ETA 9:14:52
[INFO] L2P.py:339 > Train | Sample # 1984 | train_loss 40.7468 | train_acc 0.7318 | lr 0.016543 | running_time 0:22:52 | ETA 9:13:45
[INFO] L2P.py:339 > Train | Sample # 1992 | train_loss 40.4995 | train_acc 0.7292 | lr 0.016503 | running_time 0:22:55 | ETA 9:12:38
[INFO] L2P.py:339 > Train | Sample # 2000 | train_loss 40.5680 | train_acc 0.6693 | lr 0.016464 | running_time 0:22:58 | ETA 9:11:32
[INFO] L2P.py:349 > Test | Sample # 2000 | test_loss 1158.8423 | test_acc 0.3325 | 
[INFO] L2P.py:339 > Train | Sample # 2008 | train_loss 40.4175 | train_acc 0.7031 | lr 0.016424 | running_time 0:23:48 | ETA 9:29:04
[INFO] L2P.py:339 > Train | Sample # 2016 | train_loss 40.5576 | train_acc 0.6953 | lr 0.016385 | running_time 0:23:51 | ETA 9:27:54
[INFO] L2P.py:339 > Train | Sample # 2024 | train_loss 40.6030 | train_acc 0.6667 | lr 0.016346 | running_time 0:23:54 | ETA 9:26:45
[INFO] L2P.py:339 > Train | Sample # 2032 | train_loss 39.9506 | train_acc 0.7943 | lr 0.016307 | running_time 0:23:57 | ETA 9:25:36
[INFO] L2P.py:339 > Train | Sample # 2040 | train_loss 40.4724 | train_acc 0.7292 | lr 0.016267 | running_time 0:24:00 | ETA 9:24:28
[INFO] L2P.py:339 > Train | Sample # 2048 | train_loss 40.3758 | train_acc 0.7318 | lr 0.016228 | running_time 0:24:03 | ETA 9:23:21
[INFO] L2P.py:339 > Train | Sample # 2056 | train_loss 40.8195 | train_acc 0.6458 | lr 0.016190 | running_time 0:24:06 | ETA 9:22:15
[INFO] L2P.py:339 > Train | Sample # 2064 | train_loss 41.2662 | train_acc 0.6016 | lr 0.016151 | running_time 0:24:09 | ETA 9:21:09
[INFO] L2P.py:339 > Train | Sample # 2072 | train_loss 40.6995 | train_acc 0.6797 | lr 0.016112 | running_time 0:24:12 | ETA 9:20:03
[INFO] L2P.py:339 > Train | Sample # 2080 | train_loss 40.4420 | train_acc 0.7188 | lr 0.016073 | running_time 0:24:15 | ETA 9:18:58
[INFO] L2P.py:339 > Train | Sample # 2088 | train_loss 41.0883 | train_acc 0.5833 | lr 0.016035 | running_time 0:24:18 | ETA 9:17:53
[INFO] L2P.py:339 > Train | Sample # 2096 | train_loss 41.5258 | train_acc 0.5677 | lr 0.015996 | running_time 0:24:21 | ETA 9:16:47
[INFO] L2P.py:349 > Test | Sample # 2100 | test_loss 1158.7508 | test_acc 0.3573 | 
[INFO] L2P.py:339 > Train | Sample # 2104 | train_loss 40.6610 | train_acc 0.6354 | lr 0.015958 | running_time 0:25:11 | ETA 9:33:28
[INFO] L2P.py:339 > Train | Sample # 2112 | train_loss 40.3908 | train_acc 0.7057 | lr 0.015920 | running_time 0:25:14 | ETA 9:32:21
[INFO] L2P.py:339 > Train | Sample # 2120 | train_loss 40.2135 | train_acc 0.7344 | lr 0.015882 | running_time 0:25:17 | ETA 9:31:15
[INFO] L2P.py:339 > Train | Sample # 2128 | train_loss 41.0678 | train_acc 0.7057 | lr 0.015844 | running_time 0:25:20 | ETA 9:30:09
[INFO] L2P.py:339 > Train | Sample # 2136 | train_loss 40.5252 | train_acc 0.7214 | lr 0.015806 | running_time 0:25:23 | ETA 9:29:02
[INFO] L2P.py:339 > Train | Sample # 2144 | train_loss 40.3938 | train_acc 0.7474 | lr 0.015768 | running_time 0:25:26 | ETA 9:27:57
[INFO] L2P.py:339 > Train | Sample # 2152 | train_loss 40.7503 | train_acc 0.6406 | lr 0.015730 | running_time 0:25:29 | ETA 9:26:51
[INFO] L2P.py:339 > Train | Sample # 2160 | train_loss 40.5979 | train_acc 0.6641 | lr 0.015692 | running_time 0:25:32 | ETA 9:25:46
[INFO] L2P.py:339 > Train | Sample # 2168 | train_loss 40.7331 | train_acc 0.6979 | lr 0.015655 | running_time 0:25:35 | ETA 9:24:42
[INFO] L2P.py:339 > Train | Sample # 2176 | train_loss 42.0454 | train_acc 0.6016 | lr 0.015617 | running_time 0:25:38 | ETA 9:23:39
[INFO] L2P.py:339 > Train | Sample # 2184 | train_loss 40.5893 | train_acc 0.7083 | lr 0.015580 | running_time 0:25:41 | ETA 9:22:35
[INFO] L2P.py:339 > Train | Sample # 2192 | train_loss 40.4894 | train_acc 0.6953 | lr 0.015542 | running_time 0:25:44 | ETA 9:21:31
[INFO] L2P.py:339 > Train | Sample # 2200 | train_loss 40.6311 | train_acc 0.6719 | lr 0.015505 | running_time 0:25:47 | ETA 9:20:29
[INFO] L2P.py:349 > Test | Sample # 2200 | test_loss 1181.4657 | test_acc 0.3338 | 
[INFO] L2P.py:339 > Train | Sample # 2208 | train_loss 40.8771 | train_acc 0.6198 | lr 0.015468 | running_time 0:26:38 | ETA 9:36:39
[INFO] L2P.py:339 > Train | Sample # 2216 | train_loss 40.5389 | train_acc 0.6771 | lr 0.015431 | running_time 0:26:41 | ETA 9:35:33
[INFO] L2P.py:339 > Train | Sample # 2224 | train_loss 40.6940 | train_acc 0.6953 | lr 0.015394 | running_time 0:26:44 | ETA 9:34:28
[INFO] L2P.py:339 > Train | Sample # 2232 | train_loss 40.9544 | train_acc 0.7161 | lr 0.015357 | running_time 0:26:47 | ETA 9:33:22
[INFO] L2P.py:339 > Train | Sample # 2240 | train_loss 40.7499 | train_acc 0.6432 | lr 0.015320 | running_time 0:26:50 | ETA 9:32:18
[INFO] L2P.py:339 > Train | Sample # 2248 | train_loss 40.4945 | train_acc 0.6979 | lr 0.015283 | running_time 0:26:53 | ETA 9:31:13
[INFO] L2P.py:339 > Train | Sample # 2256 | train_loss 41.0853 | train_acc 0.6432 | lr 0.015247 | running_time 0:26:56 | ETA 9:30:10
[INFO] L2P.py:339 > Train | Sample # 2264 | train_loss 41.5784 | train_acc 0.5339 | lr 0.015210 | running_time 0:26:59 | ETA 9:29:08
[INFO] L2P.py:339 > Train | Sample # 2272 | train_loss 40.4538 | train_acc 0.7135 | lr 0.015174 | running_time 0:27:02 | ETA 9:28:04
[INFO] L2P.py:339 > Train | Sample # 2280 | train_loss 40.7989 | train_acc 0.6536 | lr 0.015137 | running_time 0:27:05 | ETA 9:27:02
[INFO] L2P.py:339 > Train | Sample # 2288 | train_loss 40.7256 | train_acc 0.6589 | lr 0.015101 | running_time 0:27:08 | ETA 9:26:01
[INFO] L2P.py:339 > Train | Sample # 2296 | train_loss 40.5290 | train_acc 0.7318 | lr 0.015065 | running_time 0:27:11 | ETA 9:25:00
[INFO] L2P.py:349 > Test | Sample # 2300 | test_loss 1181.1176 | test_acc 0.3485 | 
[INFO] L2P.py:339 > Train | Sample # 2304 | train_loss 40.7177 | train_acc 0.6276 | lr 0.015029 | running_time 0:28:02 | ETA 9:40:25
[INFO] L2P.py:339 > Train | Sample # 2312 | train_loss 40.8710 | train_acc 0.6693 | lr 0.014993 | running_time 0:28:05 | ETA 9:39:22
[INFO] L2P.py:339 > Train | Sample # 2320 | train_loss 40.5162 | train_acc 0.7188 | lr 0.014957 | running_time 0:28:08 | ETA 9:38:18
[INFO] L2P.py:339 > Train | Sample # 2328 | train_loss 41.1152 | train_acc 0.6458 | lr 0.014921 | running_time 0:28:11 | ETA 9:37:15
[INFO] L2P.py:339 > Train | Sample # 2336 | train_loss 40.3387 | train_acc 0.6953 | lr 0.014885 | running_time 0:28:14 | ETA 9:36:13
[INFO] L2P.py:339 > Train | Sample # 2344 | train_loss 40.1948 | train_acc 0.7109 | lr 0.014849 | running_time 0:28:17 | ETA 9:35:11
[INFO] L2P.py:339 > Train | Sample # 2352 | train_loss 41.1643 | train_acc 0.6719 | lr 0.014814 | running_time 0:28:20 | ETA 9:34:09
[INFO] L2P.py:339 > Train | Sample # 2360 | train_loss 41.0245 | train_acc 0.6198 | lr 0.014778 | running_time 0:28:23 | ETA 9:33:08
[INFO] L2P.py:339 > Train | Sample # 2368 | train_loss 40.5502 | train_acc 0.6328 | lr 0.014743 | running_time 0:28:26 | ETA 9:32:07
[INFO] L2P.py:339 > Train | Sample # 2376 | train_loss 40.8383 | train_acc 0.5677 | lr 0.014708 | running_time 0:28:29 | ETA 9:31:06
[INFO] L2P.py:339 > Train | Sample # 2384 | train_loss 40.6387 | train_acc 0.6771 | lr 0.014672 | running_time 0:28:32 | ETA 9:30:06
[INFO] L2P.py:339 > Train | Sample # 2392 | train_loss 41.1099 | train_acc 0.6224 | lr 0.014637 | running_time 0:28:35 | ETA 9:29:07
[INFO] L2P.py:339 > Train | Sample # 2400 | train_loss 40.9716 | train_acc 0.6771 | lr 0.014602 | running_time 0:28:38 | ETA 9:28:07
[INFO] L2P.py:349 > Test | Sample # 2400 | test_loss 1180.5232 | test_acc 0.3689 | 
[INFO] L2P.py:339 > Train | Sample # 2408 | train_loss 40.8389 | train_acc 0.6328 | lr 0.014567 | running_time 0:29:29 | ETA 9:42:50
[INFO] L2P.py:339 > Train | Sample # 2416 | train_loss 40.4870 | train_acc 0.6458 | lr 0.014532 | running_time 0:29:32 | ETA 9:41:49
[INFO] L2P.py:339 > Train | Sample # 2424 | train_loss 40.3412 | train_acc 0.6927 | lr 0.014497 | running_time 0:29:35 | ETA 9:40:47
[INFO] L2P.py:339 > Train | Sample # 2432 | train_loss 41.2577 | train_acc 0.6458 | lr 0.014463 | running_time 0:29:38 | ETA 9:39:46
[INFO] L2P.py:339 > Train | Sample # 2440 | train_loss 40.8641 | train_acc 0.6432 | lr 0.014428 | running_time 0:29:41 | ETA 9:38:45
[INFO] L2P.py:339 > Train | Sample # 2448 | train_loss 40.9959 | train_acc 0.6146 | lr 0.014393 | running_time 0:29:44 | ETA 9:37:45
[INFO] L2P.py:339 > Train | Sample # 2456 | train_loss 40.4123 | train_acc 0.7083 | lr 0.014359 | running_time 0:29:47 | ETA 9:36:44
[INFO] L2P.py:339 > Train | Sample # 2464 | train_loss 41.2025 | train_acc 0.6693 | lr 0.014324 | running_time 0:29:50 | ETA 9:35:44
[INFO] L2P.py:339 > Train | Sample # 2472 | train_loss 41.0680 | train_acc 0.5964 | lr 0.014290 | running_time 0:29:53 | ETA 9:34:44
[INFO] L2P.py:339 > Train | Sample # 2480 | train_loss 40.7124 | train_acc 0.6953 | lr 0.014256 | running_time 0:29:56 | ETA 9:33:45
[INFO] L2P.py:339 > Train | Sample # 2488 | train_loss 40.9503 | train_acc 0.6823 | lr 0.014222 | running_time 0:29:59 | ETA 9:32:47
[INFO] L2P.py:339 > Train | Sample # 2496 | train_loss 40.2466 | train_acc 0.7656 | lr 0.014187 | running_time 0:30:02 | ETA 9:31:48
[INFO] L2P.py:349 > Test | Sample # 2500 | test_loss 1180.7492 | test_acc 0.3843 | 
[INFO] L2P.py:339 > Train | Sample # 2504 | train_loss 40.2737 | train_acc 0.7214 | lr 0.014153 | running_time 0:30:53 | ETA 9:45:54
[INFO] L2P.py:339 > Train | Sample # 2512 | train_loss 40.2033 | train_acc 0.7318 | lr 0.014120 | running_time 0:30:56 | ETA 9:44:53
[INFO] L2P.py:339 > Train | Sample # 2520 | train_loss 40.5607 | train_acc 0.6771 | lr 0.014086 | running_time 0:30:59 | ETA 9:43:53
[INFO] L2P.py:339 > Train | Sample # 2528 | train_loss 40.6113 | train_acc 0.6562 | lr 0.014052 | running_time 0:31:02 | ETA 9:42:54
[INFO] L2P.py:339 > Train | Sample # 2536 | train_loss 40.8110 | train_acc 0.6224 | lr 0.014018 | running_time 0:31:05 | ETA 9:41:54
[INFO] L2P.py:339 > Train | Sample # 2544 | train_loss 40.8179 | train_acc 0.6484 | lr 0.013985 | running_time 0:31:08 | ETA 9:40:54
[INFO] L2P.py:339 > Train | Sample # 2552 | train_loss 40.8429 | train_acc 0.6875 | lr 0.013951 | running_time 0:31:11 | ETA 9:39:55
[INFO] L2P.py:339 > Train | Sample # 2560 | train_loss 40.7036 | train_acc 0.6875 | lr 0.013918 | running_time 0:31:14 | ETA 9:38:57
[INFO] L2P.py:339 > Train | Sample # 2568 | train_loss 40.6333 | train_acc 0.7266 | lr 0.013884 | running_time 0:31:17 | ETA 9:37:59
[INFO] L2P.py:339 > Train | Sample # 2576 | train_loss 40.9038 | train_acc 0.6823 | lr 0.013851 | running_time 0:31:20 | ETA 9:37:01
[INFO] L2P.py:339 > Train | Sample # 2584 | train_loss 40.3814 | train_acc 0.7266 | lr 0.013818 | running_time 0:31:23 | ETA 9:36:04
[INFO] L2P.py:339 > Train | Sample # 2592 | train_loss 40.8444 | train_acc 0.6693 | lr 0.013785 | running_time 0:31:26 | ETA 9:35:06
[INFO] L2P.py:339 > Train | Sample # 2600 | train_loss 41.4902 | train_acc 0.6406 | lr 0.013752 | running_time 0:31:29 | ETA 9:34:09
[INFO] L2P.py:349 > Test | Sample # 2600 | test_loss 1181.3824 | test_acc 0.3730 | 
[INFO] L2P.py:339 > Train | Sample # 2608 | train_loss 40.5288 | train_acc 0.7422 | lr 0.013719 | running_time 0:32:20 | ETA 9:47:39
[INFO] L2P.py:339 > Train | Sample # 2616 | train_loss 40.5852 | train_acc 0.6276 | lr 0.013686 | running_time 0:32:23 | ETA 9:46:40
[INFO] L2P.py:339 > Train | Sample # 2624 | train_loss 40.6128 | train_acc 0.6562 | lr 0.013653 | running_time 0:32:26 | ETA 9:45:42
[INFO] L2P.py:339 > Train | Sample # 2632 | train_loss 40.2658 | train_acc 0.6901 | lr 0.013620 | running_time 0:32:29 | ETA 9:44:43
[INFO] L2P.py:339 > Train | Sample # 2640 | train_loss 40.9702 | train_acc 0.6797 | lr 0.013588 | running_time 0:32:32 | ETA 9:43:45
[INFO] L2P.py:339 > Train | Sample # 2648 | train_loss 40.6419 | train_acc 0.7005 | lr 0.013555 | running_time 0:32:35 | ETA 9:42:47
[INFO] L2P.py:339 > Train | Sample # 2656 | train_loss 41.1976 | train_acc 0.6589 | lr 0.013523 | running_time 0:32:38 | ETA 9:41:51
[INFO] L2P.py:339 > Train | Sample # 2664 | train_loss 40.1186 | train_acc 0.7344 | lr 0.013490 | running_time 0:32:41 | ETA 9:40:53
[INFO] L2P.py:339 > Train | Sample # 2672 | train_loss 40.7479 | train_acc 0.6510 | lr 0.013458 | running_time 0:32:44 | ETA 9:39:56
[INFO] L2P.py:339 > Train | Sample # 2680 | train_loss 41.1289 | train_acc 0.6589 | lr 0.013426 | running_time 0:32:47 | ETA 9:38:59
[INFO] L2P.py:339 > Train | Sample # 2688 | train_loss 40.0090 | train_acc 0.7578 | lr 0.013393 | running_time 0:32:50 | ETA 9:38:03
[INFO] L2P.py:339 > Train | Sample # 2696 | train_loss 40.5277 | train_acc 0.7214 | lr 0.013361 | running_time 0:32:53 | ETA 9:37:08
[INFO] L2P.py:349 > Test | Sample # 2700 | test_loss 1180.9101 | test_acc 0.3891 | 
[INFO] L2P.py:339 > Train | Sample # 2704 | train_loss 41.2293 | train_acc 0.6328 | lr 0.013329 | running_time 0:33:44 | ETA 9:50:05
[INFO] L2P.py:339 > Train | Sample # 2712 | train_loss 40.9424 | train_acc 0.6250 | lr 0.013297 | running_time 0:33:47 | ETA 9:49:07
[INFO] L2P.py:339 > Train | Sample # 2720 | train_loss 40.5221 | train_acc 0.6276 | lr 0.013265 | running_time 0:33:50 | ETA 9:48:10
[INFO] L2P.py:339 > Train | Sample # 2728 | train_loss 40.4674 | train_acc 0.6927 | lr 0.013234 | running_time 0:33:53 | ETA 9:47:12
[INFO] L2P.py:339 > Train | Sample # 2736 | train_loss 40.9530 | train_acc 0.6484 | lr 0.013202 | running_time 0:33:56 | ETA 9:46:15
[INFO] L2P.py:339 > Train | Sample # 2744 | train_loss 41.5984 | train_acc 0.6458 | lr 0.013170 | running_time 0:33:59 | ETA 9:45:19
[INFO] L2P.py:339 > Train | Sample # 2752 | train_loss 41.5809 | train_acc 0.6250 | lr 0.013139 | running_time 0:34:02 | ETA 9:44:23
[INFO] L2P.py:339 > Train | Sample # 2760 | train_loss 40.1445 | train_acc 0.7604 | lr 0.013107 | running_time 0:34:05 | ETA 9:43:27
[INFO] L2P.py:339 > Train | Sample # 2768 | train_loss 40.3395 | train_acc 0.7188 | lr 0.013076 | running_time 0:34:08 | ETA 9:42:31
[INFO] L2P.py:339 > Train | Sample # 2776 | train_loss 40.7556 | train_acc 0.7214 | lr 0.013044 | running_time 0:34:11 | ETA 9:41:36
[INFO] L2P.py:339 > Train | Sample # 2784 | train_loss 40.7555 | train_acc 0.6667 | lr 0.013013 | running_time 0:34:14 | ETA 9:40:41
[INFO] L2P.py:339 > Train | Sample # 2792 | train_loss 40.5381 | train_acc 0.6875 | lr 0.012982 | running_time 0:34:17 | ETA 9:39:45
[INFO] L2P.py:339 > Train | Sample # 2800 | train_loss 40.6909 | train_acc 0.7135 | lr 0.012951 | running_time 0:34:20 | ETA 9:38:51
[INFO] L2P.py:349 > Test | Sample # 2800 | test_loss 1180.4262 | test_acc 0.4051 | 
[INFO] L2P.py:339 > Train | Sample # 2808 | train_loss 40.6290 | train_acc 0.6979 | lr 0.012920 | running_time 0:35:11 | ETA 9:51:19
[INFO] L2P.py:339 > Train | Sample # 2816 | train_loss 40.7772 | train_acc 0.6823 | lr 0.012889 | running_time 0:35:14 | ETA 9:50:22
[INFO] L2P.py:339 > Train | Sample # 2824 | train_loss 40.9649 | train_acc 0.6823 | lr 0.012858 | running_time 0:35:17 | ETA 9:49:28
[INFO] L2P.py:339 > Train | Sample # 2832 | train_loss 39.9823 | train_acc 0.7865 | lr 0.012827 | running_time 0:35:20 | ETA 9:48:32
[INFO] L2P.py:339 > Train | Sample # 2840 | train_loss 40.9926 | train_acc 0.6042 | lr 0.012796 | running_time 0:35:23 | ETA 9:47:37
[INFO] L2P.py:339 > Train | Sample # 2848 | train_loss 41.0572 | train_acc 0.6250 | lr 0.012766 | running_time 0:35:26 | ETA 9:46:41
[INFO] L2P.py:339 > Train | Sample # 2856 | train_loss 41.1748 | train_acc 0.6302 | lr 0.012735 | running_time 0:35:29 | ETA 9:45:46
[INFO] L2P.py:339 > Train | Sample # 2864 | train_loss 40.4662 | train_acc 0.6901 | lr 0.012704 | running_time 0:35:32 | ETA 9:44:52
[INFO] L2P.py:339 > Train | Sample # 2872 | train_loss 40.1973 | train_acc 0.7344 | lr 0.012674 | running_time 0:35:35 | ETA 9:43:58
[INFO] L2P.py:339 > Train | Sample # 2880 | train_loss 40.6571 | train_acc 0.7448 | lr 0.012644 | running_time 0:35:38 | ETA 9:43:04
[INFO] L2P.py:339 > Train | Sample # 2888 | train_loss 41.0206 | train_acc 0.6484 | lr 0.012613 | running_time 0:35:41 | ETA 9:42:11
[INFO] L2P.py:339 > Train | Sample # 2896 | train_loss 40.8028 | train_acc 0.7057 | lr 0.012583 | running_time 0:35:44 | ETA 9:41:18
[INFO] L2P.py:349 > Test | Sample # 2900 | test_loss 1203.6659 | test_acc 0.3598 | 
[INFO] L2P.py:339 > Train | Sample # 2904 | train_loss 41.1014 | train_acc 0.5964 | lr 0.012553 | running_time 0:36:35 | ETA 9:53:33
[INFO] L2P.py:339 > Train | Sample # 2912 | train_loss 40.3820 | train_acc 0.6979 | lr 0.012523 | running_time 0:36:38 | ETA 9:52:38
[INFO] L2P.py:339 > Train | Sample # 2920 | train_loss 40.6621 | train_acc 0.6875 | lr 0.012493 | running_time 0:36:41 | ETA 9:51:43
[INFO] L2P.py:339 > Train | Sample # 2928 | train_loss 40.2650 | train_acc 0.7318 | lr 0.012463 | running_time 0:36:45 | ETA 9:50:48
[INFO] L2P.py:339 > Train | Sample # 2936 | train_loss 40.4436 | train_acc 0.6719 | lr 0.012433 | running_time 0:36:48 | ETA 9:49:55
[INFO] L2P.py:339 > Train | Sample # 2944 | train_loss 40.3486 | train_acc 0.6953 | lr 0.012403 | running_time 0:36:51 | ETA 9:49:01
[INFO] L2P.py:339 > Train | Sample # 2952 | train_loss 40.4930 | train_acc 0.7135 | lr 0.012373 | running_time 0:36:54 | ETA 9:48:08
[INFO] L2P.py:339 > Train | Sample # 2960 | train_loss 40.8138 | train_acc 0.6849 | lr 0.012344 | running_time 0:36:57 | ETA 9:47:14
[INFO] L2P.py:339 > Train | Sample # 2968 | train_loss 40.2032 | train_acc 0.7786 | lr 0.012314 | running_time 0:37:00 | ETA 9:46:21
[INFO] L2P.py:339 > Train | Sample # 2976 | train_loss 40.3783 | train_acc 0.7240 | lr 0.012285 | running_time 0:37:03 | ETA 9:45:27
[INFO] L2P.py:339 > Train | Sample # 2984 | train_loss 41.0243 | train_acc 0.6302 | lr 0.012255 | running_time 0:37:06 | ETA 9:44:35
[INFO] L2P.py:339 > Train | Sample # 2992 | train_loss 40.2986 | train_acc 0.7396 | lr 0.012226 | running_time 0:37:09 | ETA 9:43:43
[INFO] L2P.py:339 > Train | Sample # 3000 | train_loss 40.4492 | train_acc 0.7318 | lr 0.012197 | running_time 0:37:12 | ETA 9:42:52
[INFO] L2P.py:349 > Test | Sample # 3000 | test_loss 1204.3614 | test_acc 0.3556 | 
[INFO] L2P.py:339 > Train | Sample # 3008 | train_loss 40.5504 | train_acc 0.7240 | lr 0.012167 | running_time 0:38:03 | ETA 9:54:39
[INFO] L2P.py:339 > Train | Sample # 3016 | train_loss 41.1168 | train_acc 0.6016 | lr 0.012138 | running_time 0:38:06 | ETA 9:53:45
[INFO] L2P.py:339 > Train | Sample # 3024 | train_loss 40.4297 | train_acc 0.7266 | lr 0.012109 | running_time 0:38:09 | ETA 9:52:52
[INFO] L2P.py:339 > Train | Sample # 3032 | train_loss 41.0750 | train_acc 0.6823 | lr 0.012080 | running_time 0:38:12 | ETA 9:51:58
[INFO] L2P.py:339 > Train | Sample # 3040 | train_loss 42.1297 | train_acc 0.6016 | lr 0.012051 | running_time 0:38:15 | ETA 9:51:05
[INFO] L2P.py:339 > Train | Sample # 3048 | train_loss 40.4695 | train_acc 0.7031 | lr 0.012022 | running_time 0:38:18 | ETA 9:50:12
[INFO] L2P.py:339 > Train | Sample # 3056 | train_loss 40.9258 | train_acc 0.6432 | lr 0.011993 | running_time 0:38:21 | ETA 9:49:21
[INFO] L2P.py:339 > Train | Sample # 3064 | train_loss 40.9591 | train_acc 0.6875 | lr 0.011965 | running_time 0:38:24 | ETA 9:48:28
[INFO] L2P.py:339 > Train | Sample # 3072 | train_loss 40.5880 | train_acc 0.7005 | lr 0.011936 | running_time 0:38:27 | ETA 9:47:36
[INFO] L2P.py:339 > Train | Sample # 3080 | train_loss 41.2703 | train_acc 0.6250 | lr 0.011907 | running_time 0:38:30 | ETA 9:46:44
[INFO] L2P.py:339 > Train | Sample # 3088 | train_loss 40.8134 | train_acc 0.6771 | lr 0.011879 | running_time 0:38:33 | ETA 9:45:53
[INFO] L2P.py:339 > Train | Sample # 3096 | train_loss 40.4852 | train_acc 0.6693 | lr 0.011850 | running_time 0:38:37 | ETA 9:45:02
[INFO] L2P.py:349 > Test | Sample # 3100 | test_loss 1203.6971 | test_acc 0.3933 | 
[INFO] L2P.py:339 > Train | Sample # 3104 | train_loss 40.9980 | train_acc 0.5677 | lr 0.011822 | running_time 0:39:28 | ETA 9:56:24
[INFO] L2P.py:339 > Train | Sample # 3112 | train_loss 40.5744 | train_acc 0.6901 | lr 0.011794 | running_time 0:39:31 | ETA 9:55:31
[INFO] L2P.py:339 > Train | Sample # 3120 | train_loss 40.8041 | train_acc 0.6432 | lr 0.011765 | running_time 0:39:34 | ETA 9:54:39
[INFO] L2P.py:339 > Train | Sample # 3128 | train_loss 40.6269 | train_acc 0.6901 | lr 0.011737 | running_time 0:39:37 | ETA 9:53:47
[INFO] L2P.py:339 > Train | Sample # 3136 | train_loss 40.5487 | train_acc 0.6589 | lr 0.011709 | running_time 0:39:40 | ETA 9:52:56
[INFO] L2P.py:339 > Train | Sample # 3144 | train_loss 41.2779 | train_acc 0.6016 | lr 0.011681 | running_time 0:39:43 | ETA 9:52:04
[INFO] L2P.py:339 > Train | Sample # 3152 | train_loss 39.9426 | train_acc 0.8177 | lr 0.011653 | running_time 0:39:46 | ETA 9:51:13
[INFO] L2P.py:339 > Train | Sample # 3160 | train_loss 40.4277 | train_acc 0.7292 | lr 0.011625 | running_time 0:39:49 | ETA 9:50:22
[INFO] L2P.py:339 > Train | Sample # 3168 | train_loss 40.4005 | train_acc 0.7214 | lr 0.011597 | running_time 0:39:52 | ETA 9:49:30
[INFO] L2P.py:339 > Train | Sample # 3176 | train_loss 40.2951 | train_acc 0.7057 | lr 0.011569 | running_time 0:39:55 | ETA 9:48:40
[INFO] L2P.py:339 > Train | Sample # 3184 | train_loss 40.8347 | train_acc 0.6615 | lr 0.011542 | running_time 0:39:58 | ETA 9:47:50
[INFO] L2P.py:339 > Train | Sample # 3192 | train_loss 40.6931 | train_acc 0.6354 | lr 0.011514 | running_time 0:40:01 | ETA 9:47:00
[INFO] L2P.py:339 > Train | Sample # 3200 | train_loss 40.7087 | train_acc 0.7500 | lr 0.011486 | running_time 0:40:04 | ETA 9:46:09
[INFO] L2P.py:349 > Test | Sample # 3200 | test_loss 1203.8456 | test_acc 0.3852 | 
[INFO] L2P.py:339 > Train | Sample # 3208 | train_loss 40.8325 | train_acc 0.6693 | lr 0.011459 | running_time 0:40:56 | ETA 9:57:07
[INFO] L2P.py:339 > Train | Sample # 3216 | train_loss 40.6078 | train_acc 0.6823 | lr 0.011431 | running_time 0:40:59 | ETA 9:56:16
[INFO] L2P.py:339 > Train | Sample # 3224 | train_loss 40.4300 | train_acc 0.7135 | lr 0.011404 | running_time 0:41:02 | ETA 9:55:26
[INFO] L2P.py:339 > Train | Sample # 3232 | train_loss 40.3879 | train_acc 0.7057 | lr 0.011376 | running_time 0:41:05 | ETA 9:54:35
[INFO] L2P.py:339 > Train | Sample # 3240 | train_loss 40.5745 | train_acc 0.6719 | lr 0.011349 | running_time 0:41:08 | ETA 9:53:44
[INFO] L2P.py:339 > Train | Sample # 3248 | train_loss 40.3361 | train_acc 0.7422 | lr 0.011322 | running_time 0:41:11 | ETA 9:52:54
[INFO] L2P.py:339 > Train | Sample # 3256 | train_loss 41.0249 | train_acc 0.5938 | lr 0.011295 | running_time 0:41:14 | ETA 9:52:04
[INFO] L2P.py:339 > Train | Sample # 3264 | train_loss 40.5960 | train_acc 0.7135 | lr 0.011268 | running_time 0:41:17 | ETA 9:51:14
[INFO] L2P.py:339 > Train | Sample # 3272 | train_loss 40.4221 | train_acc 0.6797 | lr 0.011241 | running_time 0:41:20 | ETA 9:50:24
[INFO] L2P.py:339 > Train | Sample # 3280 | train_loss 41.3967 | train_acc 0.6667 | lr 0.011214 | running_time 0:41:23 | ETA 9:49:35
[INFO] L2P.py:339 > Train | Sample # 3288 | train_loss 40.9923 | train_acc 0.6745 | lr 0.011187 | running_time 0:41:26 | ETA 9:48:45
[INFO] L2P.py:339 > Train | Sample # 3296 | train_loss 40.4712 | train_acc 0.7161 | lr 0.011160 | running_time 0:41:29 | ETA 9:47:56
[INFO] L2P.py:349 > Test | Sample # 3300 | test_loss 1203.9114 | test_acc 0.3713 | 
[INFO] L2P.py:339 > Train | Sample # 3304 | train_loss 40.6248 | train_acc 0.7109 | lr 0.011133 | running_time 0:42:21 | ETA 9:58:34
[INFO] L2P.py:339 > Train | Sample # 3312 | train_loss 40.6242 | train_acc 0.6536 | lr 0.011107 | running_time 0:42:24 | ETA 9:57:43
[INFO] L2P.py:339 > Train | Sample # 3320 | train_loss 40.4236 | train_acc 0.7214 | lr 0.011080 | running_time 0:42:27 | ETA 9:56:53
[INFO] L2P.py:339 > Train | Sample # 3328 | train_loss 40.3759 | train_acc 0.6953 | lr 0.011054 | running_time 0:42:30 | ETA 9:56:04
[INFO] L2P.py:339 > Train | Sample # 3336 | train_loss 40.4504 | train_acc 0.6979 | lr 0.011027 | running_time 0:42:33 | ETA 9:55:14
[INFO] L2P.py:339 > Train | Sample # 3344 | train_loss 40.5534 | train_acc 0.6667 | lr 0.011001 | running_time 0:42:36 | ETA 9:54:25
[INFO] L2P.py:339 > Train | Sample # 3352 | train_loss 40.4900 | train_acc 0.6198 | lr 0.010974 | running_time 0:42:39 | ETA 9:53:35
[INFO] L2P.py:339 > Train | Sample # 3360 | train_loss 40.3160 | train_acc 0.6979 | lr 0.010948 | running_time 0:42:42 | ETA 9:52:46
[INFO] L2P.py:339 > Train | Sample # 3368 | train_loss 40.7915 | train_acc 0.6458 | lr 0.010922 | running_time 0:42:45 | ETA 9:51:58
[INFO] L2P.py:339 > Train | Sample # 3376 | train_loss 40.7999 | train_acc 0.7448 | lr 0.010895 | running_time 0:42:48 | ETA 9:51:09
[INFO] L2P.py:339 > Train | Sample # 3384 | train_loss 40.4763 | train_acc 0.6849 | lr 0.010869 | running_time 0:42:51 | ETA 9:50:21
[INFO] L2P.py:339 > Train | Sample # 3392 | train_loss 40.3944 | train_acc 0.7109 | lr 0.010843 | running_time 0:42:54 | ETA 9:49:32
[INFO] L2P.py:339 > Train | Sample # 3400 | train_loss 40.7552 | train_acc 0.5807 | lr 0.010817 | running_time 0:42:57 | ETA 9:48:44
[INFO] L2P.py:349 > Test | Sample # 3400 | test_loss 1203.6170 | test_acc 0.3820 | 
[INFO] L2P.py:339 > Train | Sample # 3408 | train_loss 40.6300 | train_acc 0.6901 | lr 0.010791 | running_time 0:43:48 | ETA 9:59:00
[INFO] L2P.py:339 > Train | Sample # 3416 | train_loss 40.4837 | train_acc 0.7526 | lr 0.010765 | running_time 0:43:51 | ETA 9:58:11
[INFO] L2P.py:339 > Train | Sample # 3424 | train_loss 40.3649 | train_acc 0.7057 | lr 0.010740 | running_time 0:43:54 | ETA 9:57:22
[INFO] L2P.py:339 > Train | Sample # 3432 | train_loss 40.3503 | train_acc 0.7344 | lr 0.010714 | running_time 0:43:57 | ETA 9:56:33
[INFO] L2P.py:339 > Train | Sample # 3440 | train_loss 40.3774 | train_acc 0.6823 | lr 0.010688 | running_time 0:44:00 | ETA 9:55:45
[INFO] L2P.py:339 > Train | Sample # 3448 | train_loss 40.0615 | train_acc 0.7682 | lr 0.010663 | running_time 0:44:03 | ETA 9:54:56
[INFO] L2P.py:339 > Train | Sample # 3456 | train_loss 40.5361 | train_acc 0.6328 | lr 0.010637 | running_time 0:44:07 | ETA 9:54:09
[INFO] L2P.py:339 > Train | Sample # 3464 | train_loss 40.9009 | train_acc 0.7500 | lr 0.010612 | running_time 0:44:10 | ETA 9:53:21
[INFO] L2P.py:339 > Train | Sample # 3472 | train_loss 40.5604 | train_acc 0.6745 | lr 0.010586 | running_time 0:44:13 | ETA 9:52:34
[INFO] L2P.py:339 > Train | Sample # 3480 | train_loss 40.8719 | train_acc 0.6406 | lr 0.010561 | running_time 0:44:16 | ETA 9:51:46
[INFO] L2P.py:339 > Train | Sample # 3488 | train_loss 40.2229 | train_acc 0.7734 | lr 0.010535 | running_time 0:44:19 | ETA 9:50:59
[INFO] L2P.py:339 > Train | Sample # 3496 | train_loss 40.0853 | train_acc 0.7526 | lr 0.010510 | running_time 0:44:22 | ETA 9:50:13
[INFO] L2P.py:349 > Test | Sample # 3500 | test_loss 1227.0748 | test_acc 0.3462 | 
[INFO] L2P.py:339 > Train | Sample # 3504 | train_loss 40.9034 | train_acc 0.6172 | lr 0.010485 | running_time 0:45:14 | ETA 10:00:22
[INFO] L2P.py:339 > Train | Sample # 3512 | train_loss 40.3881 | train_acc 0.7031 | lr 0.010460 | running_time 0:45:17 | ETA 9:59:34
[INFO] L2P.py:339 > Train | Sample # 3520 | train_loss 39.9855 | train_acc 0.8021 | lr 0.010435 | running_time 0:45:20 | ETA 9:58:46
[INFO] L2P.py:339 > Train | Sample # 3528 | train_loss 40.4577 | train_acc 0.7448 | lr 0.010410 | running_time 0:45:23 | ETA 9:57:58
[INFO] L2P.py:339 > Train | Sample # 3536 | train_loss 40.3979 | train_acc 0.6589 | lr 0.010385 | running_time 0:45:26 | ETA 9:57:10
[INFO] L2P.py:339 > Train | Sample # 3544 | train_loss 40.5787 | train_acc 0.6589 | lr 0.010360 | running_time 0:45:29 | ETA 9:56:23
[INFO] L2P.py:339 > Train | Sample # 3552 | train_loss 40.9948 | train_acc 0.5964 | lr 0.010335 | running_time 0:45:32 | ETA 9:55:35
[INFO] L2P.py:339 > Train | Sample # 3560 | train_loss 40.5157 | train_acc 0.6953 | lr 0.010310 | running_time 0:45:35 | ETA 9:54:48
[INFO] L2P.py:339 > Train | Sample # 3568 | train_loss 41.2667 | train_acc 0.6667 | lr 0.010286 | running_time 0:45:38 | ETA 9:54:02
[INFO] L2P.py:339 > Train | Sample # 3576 | train_loss 40.8182 | train_acc 0.6849 | lr 0.010261 | running_time 0:45:41 | ETA 9:53:15
[INFO] L2P.py:339 > Train | Sample # 3584 | train_loss 41.6457 | train_acc 0.5990 | lr 0.010236 | running_time 0:45:44 | ETA 9:52:29
[INFO] L2P.py:339 > Train | Sample # 3592 | train_loss 40.7534 | train_acc 0.6510 | lr 0.010212 | running_time 0:45:47 | ETA 9:51:42
[INFO] L2P.py:339 > Train | Sample # 3600 | train_loss 40.3838 | train_acc 0.6849 | lr 0.010187 | running_time 0:45:50 | ETA 9:50:56
[INFO] L2P.py:349 > Test | Sample # 3600 | test_loss 1226.7250 | test_acc 0.3687 | 
[INFO] L2P.py:339 > Train | Sample # 3608 | train_loss 40.5549 | train_acc 0.6771 | lr 0.010163 | running_time 0:46:43 | ETA 10:00:45
[INFO] L2P.py:339 > Train | Sample # 3616 | train_loss 40.6511 | train_acc 0.6458 | lr 0.010139 | running_time 0:46:46 | ETA 9:59:57
[INFO] L2P.py:339 > Train | Sample # 3624 | train_loss 40.9811 | train_acc 0.5807 | lr 0.010114 | running_time 0:46:49 | ETA 9:59:11
[INFO] L2P.py:339 > Train | Sample # 3632 | train_loss 41.0975 | train_acc 0.5990 | lr 0.010090 | running_time 0:46:52 | ETA 9:58:24
[INFO] L2P.py:339 > Train | Sample # 3640 | train_loss 41.4904 | train_acc 0.6589 | lr 0.010066 | running_time 0:46:55 | ETA 9:57:37
[INFO] L2P.py:339 > Train | Sample # 3648 | train_loss 40.4623 | train_acc 0.6510 | lr 0.010042 | running_time 0:46:58 | ETA 9:56:51
[INFO] L2P.py:339 > Train | Sample # 3656 | train_loss 40.7648 | train_acc 0.6797 | lr 0.010018 | running_time 0:47:01 | ETA 9:56:05
[INFO] L2P.py:339 > Train | Sample # 3664 | train_loss 40.3698 | train_acc 0.7422 | lr 0.009994 | running_time 0:47:04 | ETA 9:55:19
[INFO] L2P.py:339 > Train | Sample # 3672 | train_loss 40.6450 | train_acc 0.6589 | lr 0.009970 | running_time 0:47:07 | ETA 9:54:33
[INFO] L2P.py:339 > Train | Sample # 3680 | train_loss 40.6735 | train_acc 0.7240 | lr 0.009946 | running_time 0:47:10 | ETA 9:53:47
[INFO] L2P.py:339 > Train | Sample # 3688 | train_loss 40.7378 | train_acc 0.6719 | lr 0.009922 | running_time 0:47:13 | ETA 9:53:02
[INFO] L2P.py:339 > Train | Sample # 3696 | train_loss 40.6134 | train_acc 0.6953 | lr 0.009898 | running_time 0:47:16 | ETA 9:52:17
[INFO] L2P.py:349 > Test | Sample # 3700 | test_loss 1226.3870 | test_acc 0.3749 | 
[INFO] L2P.py:339 > Train | Sample # 3704 | train_loss 40.5281 | train_acc 0.6953 | lr 0.009874 | running_time 0:48:09 | ETA 10:01:50
[INFO] L2P.py:339 > Train | Sample # 3712 | train_loss 40.5651 | train_acc 0.7135 | lr 0.009851 | running_time 0:48:12 | ETA 10:01:04
[INFO] L2P.py:339 > Train | Sample # 3720 | train_loss 40.2870 | train_acc 0.7161 | lr 0.009827 | running_time 0:48:15 | ETA 10:00:18
[INFO] L2P.py:339 > Train | Sample # 3728 | train_loss 40.5742 | train_acc 0.7214 | lr 0.009804 | running_time 0:48:18 | ETA 9:59:32
[INFO] L2P.py:339 > Train | Sample # 3736 | train_loss 41.3914 | train_acc 0.6302 | lr 0.009780 | running_time 0:48:21 | ETA 9:58:46
[INFO] L2P.py:339 > Train | Sample # 3744 | train_loss 40.8081 | train_acc 0.6589 | lr 0.009757 | running_time 0:48:24 | ETA 9:58:01
[INFO] L2P.py:339 > Train | Sample # 3752 | train_loss 41.4701 | train_acc 0.6849 | lr 0.009733 | running_time 0:48:27 | ETA 9:57:15
[INFO] L2P.py:339 > Train | Sample # 3760 | train_loss 40.7802 | train_acc 0.6667 | lr 0.009710 | running_time 0:48:30 | ETA 9:56:30
[INFO] L2P.py:339 > Train | Sample # 3768 | train_loss 40.5294 | train_acc 0.6615 | lr 0.009687 | running_time 0:48:33 | ETA 9:55:45
[INFO] L2P.py:339 > Train | Sample # 3776 | train_loss 40.3887 | train_acc 0.6901 | lr 0.009663 | running_time 0:48:36 | ETA 9:55:00
[INFO] L2P.py:339 > Train | Sample # 3784 | train_loss 40.6910 | train_acc 0.6901 | lr 0.009640 | running_time 0:48:39 | ETA 9:54:16
[INFO] L2P.py:339 > Train | Sample # 3792 | train_loss 40.5230 | train_acc 0.6927 | lr 0.009617 | running_time 0:48:42 | ETA 9:53:31
[INFO] L2P.py:339 > Train | Sample # 3800 | train_loss 40.3118 | train_acc 0.7656 | lr 0.009594 | running_time 0:48:45 | ETA 9:52:47
[INFO] L2P.py:349 > Test | Sample # 3800 | test_loss 1226.5752 | test_acc 0.3598 | 
[INFO] L2P.py:339 > Train | Sample # 3808 | train_loss 40.4375 | train_acc 0.7266 | lr 0.009571 | running_time 0:49:37 | ETA 10:02:02
[INFO] L2P.py:339 > Train | Sample # 3816 | train_loss 40.8661 | train_acc 0.6589 | lr 0.009548 | running_time 0:49:40 | ETA 10:01:17
[INFO] L2P.py:339 > Train | Sample # 3824 | train_loss 41.5320 | train_acc 0.6198 | lr 0.009525 | running_time 0:49:43 | ETA 10:00:32
[INFO] L2P.py:339 > Train | Sample # 3832 | train_loss 41.0230 | train_acc 0.7240 | lr 0.009502 | running_time 0:49:46 | ETA 9:59:46
[INFO] L2P.py:339 > Train | Sample # 3840 | train_loss 41.3206 | train_acc 0.6328 | lr 0.009480 | running_time 0:49:49 | ETA 9:59:01
[INFO] L2P.py:339 > Train | Sample # 3848 | train_loss 40.8256 | train_acc 0.6875 | lr 0.009457 | running_time 0:49:52 | ETA 9:58:17
[INFO] L2P.py:339 > Train | Sample # 3856 | train_loss 41.6540 | train_acc 0.5391 | lr 0.009434 | running_time 0:49:56 | ETA 9:57:33
[INFO] L2P.py:339 > Train | Sample # 3864 | train_loss 41.0029 | train_acc 0.6745 | lr 0.009412 | running_time 0:49:59 | ETA 9:56:48
[INFO] L2P.py:339 > Train | Sample # 3872 | train_loss 40.4966 | train_acc 0.6797 | lr 0.009389 | running_time 0:50:02 | ETA 9:56:04
[INFO] L2P.py:339 > Train | Sample # 3880 | train_loss 40.8239 | train_acc 0.6484 | lr 0.009366 | running_time 0:50:05 | ETA 9:55:19
[INFO] L2P.py:339 > Train | Sample # 3888 | train_loss 40.7662 | train_acc 0.7135 | lr 0.009344 | running_time 0:50:08 | ETA 9:54:35
[INFO] L2P.py:339 > Train | Sample # 3896 | train_loss 40.4667 | train_acc 0.7109 | lr 0.009322 | running_time 0:50:11 | ETA 9:53:52
[INFO] L2P.py:349 > Test | Sample # 3900 | test_loss 1226.4446 | test_acc 0.3567 | 
[INFO] L2P.py:339 > Train | Sample # 3904 | train_loss 40.5483 | train_acc 0.7188 | lr 0.009299 | running_time 0:51:03 | ETA 10:02:52
[INFO] L2P.py:339 > Train | Sample # 3912 | train_loss 41.4278 | train_acc 0.6250 | lr 0.009277 | running_time 0:51:06 | ETA 10:02:08
[INFO] L2P.py:339 > Train | Sample # 3920 | train_loss 40.9813 | train_acc 0.6510 | lr 0.009255 | running_time 0:51:09 | ETA 10:01:23
[INFO] L2P.py:339 > Train | Sample # 3928 | train_loss 40.5150 | train_acc 0.6719 | lr 0.009233 | running_time 0:51:12 | ETA 10:00:39
[INFO] L2P.py:339 > Train | Sample # 3936 | train_loss 40.6435 | train_acc 0.6589 | lr 0.009210 | running_time 0:51:15 | ETA 9:59:55
[INFO] L2P.py:339 > Train | Sample # 3944 | train_loss 40.3267 | train_acc 0.7656 | lr 0.009188 | running_time 0:51:18 | ETA 9:59:12
[INFO] L2P.py:339 > Train | Sample # 3952 | train_loss 40.4903 | train_acc 0.7005 | lr 0.009166 | running_time 0:51:21 | ETA 9:58:28
[INFO] L2P.py:339 > Train | Sample # 3960 | train_loss 40.4864 | train_acc 0.6927 | lr 0.009144 | running_time 0:51:24 | ETA 9:57:44
[INFO] L2P.py:339 > Train | Sample # 3968 | train_loss 40.2732 | train_acc 0.7552 | lr 0.009122 | running_time 0:51:27 | ETA 9:57:01
[INFO] L2P.py:339 > Train | Sample # 3976 | train_loss 40.9240 | train_acc 0.7214 | lr 0.009101 | running_time 0:51:30 | ETA 9:56:18
[INFO] L2P.py:339 > Train | Sample # 3984 | train_loss 40.4653 | train_acc 0.6901 | lr 0.009079 | running_time 0:51:33 | ETA 9:55:35
[INFO] L2P.py:339 > Train | Sample # 3992 | train_loss 40.6225 | train_acc 0.6797 | lr 0.009057 | running_time 0:51:36 | ETA 9:54:51
[INFO] L2P.py:339 > Train | Sample # 4000 | train_loss 40.3092 | train_acc 0.7083 | lr 0.009035 | running_time 0:51:39 | ETA 9:54:09
[INFO] L2P.py:349 > Test | Sample # 4000 | test_loss 1226.8789 | test_acc 0.3600 | 
[INFO] L2P.py:339 > Train | Sample # 4008 | train_loss 40.4800 | train_acc 0.7161 | lr 0.009014 | running_time 0:52:32 | ETA 10:02:54
[INFO] L2P.py:339 > Train | Sample # 4016 | train_loss 40.8068 | train_acc 0.6302 | lr 0.008992 | running_time 0:52:35 | ETA 10:02:10
[INFO] L2P.py:339 > Train | Sample # 4024 | train_loss 40.4144 | train_acc 0.7214 | lr 0.008970 | running_time 0:52:38 | ETA 10:01:27
[INFO] L2P.py:339 > Train | Sample # 4032 | train_loss 40.7875 | train_acc 0.6901 | lr 0.008949 | running_time 0:52:41 | ETA 10:00:44
[INFO] L2P.py:339 > Train | Sample # 4040 | train_loss 40.6395 | train_acc 0.6276 | lr 0.008928 | running_time 0:52:44 | ETA 10:00:00
[INFO] L2P.py:339 > Train | Sample # 4048 | train_loss 40.4377 | train_acc 0.7292 | lr 0.008906 | running_time 0:52:47 | ETA 9:59:17
[INFO] L2P.py:339 > Train | Sample # 4056 | train_loss 40.9659 | train_acc 0.6589 | lr 0.008885 | running_time 0:52:50 | ETA 9:58:34
[INFO] L2P.py:339 > Train | Sample # 4064 | train_loss 40.3523 | train_acc 0.7214 | lr 0.008863 | running_time 0:52:53 | ETA 9:57:51
[INFO] L2P.py:339 > Train | Sample # 4072 | train_loss 41.0197 | train_acc 0.7396 | lr 0.008842 | running_time 0:52:56 | ETA 9:57:09
[INFO] L2P.py:339 > Train | Sample # 4080 | train_loss 40.4899 | train_acc 0.7630 | lr 0.008821 | running_time 0:52:59 | ETA 9:56:27
[INFO] L2P.py:339 > Train | Sample # 4088 | train_loss 40.6685 | train_acc 0.6901 | lr 0.008800 | running_time 0:53:02 | ETA 9:55:45
[INFO] L2P.py:339 > Train | Sample # 4096 | train_loss 40.4205 | train_acc 0.7188 | lr 0.008779 | running_time 0:53:05 | ETA 9:55:03
[INFO] L2P.py:349 > Test | Sample # 4100 | test_loss 1227.3789 | test_acc 0.3309 | 
[INFO] L2P.py:339 > Train | Sample # 4104 | train_loss 40.6069 | train_acc 0.7135 | lr 0.008758 | running_time 0:53:58 | ETA 10:03:34
[INFO] L2P.py:339 > Train | Sample # 4112 | train_loss 41.6017 | train_acc 0.6302 | lr 0.008737 | running_time 0:54:01 | ETA 10:02:51
[INFO] L2P.py:339 > Train | Sample # 4120 | train_loss 40.5561 | train_acc 0.6771 | lr 0.008716 | running_time 0:54:04 | ETA 10:02:09
[INFO] L2P.py:339 > Train | Sample # 4128 | train_loss 40.2850 | train_acc 0.7005 | lr 0.008695 | running_time 0:54:07 | ETA 10:01:26
[INFO] L2P.py:339 > Train | Sample # 4136 | train_loss 40.5668 | train_acc 0.6875 | lr 0.008674 | running_time 0:54:10 | ETA 10:00:43
[INFO] L2P.py:339 > Train | Sample # 4144 | train_loss 40.5832 | train_acc 0.6667 | lr 0.008653 | running_time 0:54:13 | ETA 10:00:01
[INFO] L2P.py:339 > Train | Sample # 4152 | train_loss 40.4903 | train_acc 0.7214 | lr 0.008633 | running_time 0:54:16 | ETA 9:59:18
[INFO] L2P.py:339 > Train | Sample # 4160 | train_loss 41.2702 | train_acc 0.6771 | lr 0.008612 | running_time 0:54:19 | ETA 9:58:37
[INFO] L2P.py:339 > Train | Sample # 4168 | train_loss 40.2587 | train_acc 0.7161 | lr 0.008591 | running_time 0:54:22 | ETA 9:57:54
[INFO] L2P.py:339 > Train | Sample # 4176 | train_loss 40.4317 | train_acc 0.6979 | lr 0.008571 | running_time 0:54:25 | ETA 9:57:12
[INFO] L2P.py:339 > Train | Sample # 4184 | train_loss 40.3528 | train_acc 0.7214 | lr 0.008550 | running_time 0:54:28 | ETA 9:56:30
[INFO] L2P.py:339 > Train | Sample # 4192 | train_loss 41.7622 | train_acc 0.7031 | lr 0.008530 | running_time 0:54:31 | ETA 9:55:49
[INFO] L2P.py:339 > Train | Sample # 4200 | train_loss 40.6249 | train_acc 0.6979 | lr 0.008509 | running_time 0:54:34 | ETA 9:55:07
[INFO] L2P.py:349 > Test | Sample # 4200 | test_loss 1226.7137 | test_acc 0.3604 | 
[INFO] L2P.py:339 > Train | Sample # 4208 | train_loss 40.1386 | train_acc 0.7344 | lr 0.008489 | running_time 0:55:27 | ETA 10:03:24
[INFO] L2P.py:339 > Train | Sample # 4216 | train_loss 40.3364 | train_acc 0.6745 | lr 0.008468 | running_time 0:55:30 | ETA 10:02:42
[INFO] L2P.py:339 > Train | Sample # 4224 | train_loss 40.4301 | train_acc 0.7474 | lr 0.008448 | running_time 0:55:33 | ETA 10:02:00
[INFO] L2P.py:339 > Train | Sample # 4232 | train_loss 40.7314 | train_acc 0.6302 | lr 0.008428 | running_time 0:55:36 | ETA 10:01:18
[INFO] L2P.py:339 > Train | Sample # 4240 | train_loss 41.2698 | train_acc 0.6745 | lr 0.008408 | running_time 0:55:39 | ETA 10:00:36
[INFO] L2P.py:339 > Train | Sample # 4248 | train_loss 41.6956 | train_acc 0.6615 | lr 0.008387 | running_time 0:55:42 | ETA 9:59:55
[INFO] L2P.py:339 > Train | Sample # 4256 | train_loss 40.4728 | train_acc 0.6641 | lr 0.008367 | running_time 0:55:45 | ETA 9:59:14
[INFO] L2P.py:339 > Train | Sample # 4264 | train_loss 40.1775 | train_acc 0.7370 | lr 0.008347 | running_time 0:55:48 | ETA 9:58:33
[INFO] L2P.py:339 > Train | Sample # 4272 | train_loss 40.6692 | train_acc 0.6823 | lr 0.008327 | running_time 0:55:51 | ETA 9:57:52
[INFO] L2P.py:339 > Train | Sample # 4280 | train_loss 40.5091 | train_acc 0.7344 | lr 0.008307 | running_time 0:55:54 | ETA 9:57:11
[INFO] L2P.py:339 > Train | Sample # 4288 | train_loss 40.7785 | train_acc 0.6693 | lr 0.008287 | running_time 0:55:57 | ETA 9:56:29
[INFO] L2P.py:339 > Train | Sample # 4296 | train_loss 40.6394 | train_acc 0.6224 | lr 0.008268 | running_time 0:56:00 | ETA 9:55:49
[INFO] L2P.py:349 > Test | Sample # 4300 | test_loss 1226.3933 | test_acc 0.3611 | 
[INFO] L2P.py:339 > Train | Sample # 4304 | train_loss 40.1370 | train_acc 0.7240 | lr 0.008248 | running_time 0:56:52 | ETA 10:03:52
[INFO] L2P.py:339 > Train | Sample # 4312 | train_loss 40.2820 | train_acc 0.7604 | lr 0.008228 | running_time 0:56:55 | ETA 10:03:10
[INFO] L2P.py:339 > Train | Sample # 4320 | train_loss 40.5866 | train_acc 0.6797 | lr 0.008208 | running_time 0:56:58 | ETA 10:02:29
[INFO] L2P.py:339 > Train | Sample # 4328 | train_loss 40.2798 | train_acc 0.7292 | lr 0.008189 | running_time 0:57:01 | ETA 10:01:48
[INFO] L2P.py:339 > Train | Sample # 4336 | train_loss 40.4245 | train_acc 0.6927 | lr 0.008169 | running_time 0:57:04 | ETA 10:01:06
[INFO] L2P.py:339 > Train | Sample # 4344 | train_loss 40.8311 | train_acc 0.6823 | lr 0.008149 | running_time 0:57:07 | ETA 10:00:25
[INFO] L2P.py:339 > Train | Sample # 4352 | train_loss 40.4871 | train_acc 0.7292 | lr 0.008130 | running_time 0:57:10 | ETA 9:59:44
[INFO] L2P.py:339 > Train | Sample # 4360 | train_loss 40.4334 | train_acc 0.7031 | lr 0.008110 | running_time 0:57:13 | ETA 9:59:03
[INFO] L2P.py:339 > Train | Sample # 4368 | train_loss 41.4144 | train_acc 0.7318 | lr 0.008091 | running_time 0:57:16 | ETA 9:58:22
[INFO] L2P.py:339 > Train | Sample # 4376 | train_loss 40.5626 | train_acc 0.6432 | lr 0.008071 | running_time 0:57:19 | ETA 9:57:42
[INFO] L2P.py:339 > Train | Sample # 4384 | train_loss 40.5591 | train_acc 0.6380 | lr 0.008052 | running_time 0:57:22 | ETA 9:57:02
[INFO] L2P.py:339 > Train | Sample # 4392 | train_loss 40.1750 | train_acc 0.7135 | lr 0.008033 | running_time 0:57:25 | ETA 9:56:22
[INFO] L2P.py:339 > Train | Sample # 4400 | train_loss 40.6566 | train_acc 0.6693 | lr 0.008014 | running_time 0:57:28 | ETA 9:55:42
[INFO] L2P.py:349 > Test | Sample # 4400 | test_loss 1227.0182 | test_acc 0.3444 | 
[INFO] L2P.py:339 > Train | Sample # 4408 | train_loss 40.4984 | train_acc 0.7188 | lr 0.007994 | running_time 0:58:21 | ETA 10:03:33
[INFO] L2P.py:339 > Train | Sample # 4416 | train_loss 40.7159 | train_acc 0.6562 | lr 0.007975 | running_time 0:58:24 | ETA 10:02:53
[INFO] L2P.py:339 > Train | Sample # 4424 | train_loss 40.1618 | train_acc 0.6875 | lr 0.007956 | running_time 0:58:27 | ETA 10:02:12
[INFO] L2P.py:339 > Train | Sample # 4432 | train_loss 40.2439 | train_acc 0.7214 | lr 0.007937 | running_time 0:58:30 | ETA 10:01:32
[INFO] L2P.py:339 > Train | Sample # 4440 | train_loss 40.9989 | train_acc 0.6146 | lr 0.007918 | running_time 0:58:33 | ETA 10:00:51
[INFO] L2P.py:339 > Train | Sample # 4448 | train_loss 40.6132 | train_acc 0.6979 | lr 0.007899 | running_time 0:58:36 | ETA 10:00:11
[INFO] L2P.py:339 > Train | Sample # 4456 | train_loss 40.6452 | train_acc 0.6901 | lr 0.007880 | running_time 0:58:39 | ETA 9:59:31
[INFO] L2P.py:339 > Train | Sample # 4464 | train_loss 40.7172 | train_acc 0.7109 | lr 0.007861 | running_time 0:58:42 | ETA 9:58:51
[INFO] L2P.py:339 > Train | Sample # 4472 | train_loss 40.6681 | train_acc 0.6458 | lr 0.007842 | running_time 0:58:45 | ETA 9:58:11
[INFO] L2P.py:339 > Train | Sample # 4480 | train_loss 40.3019 | train_acc 0.6979 | lr 0.007823 | running_time 0:58:48 | ETA 9:57:31
[INFO] L2P.py:339 > Train | Sample # 4488 | train_loss 41.8096 | train_acc 0.5729 | lr 0.007805 | running_time 0:58:51 | ETA 9:56:51
[INFO] L2P.py:339 > Train | Sample # 4496 | train_loss 40.7672 | train_acc 0.6380 | lr 0.007786 | running_time 0:58:54 | ETA 9:56:12
[INFO] L2P.py:349 > Test | Sample # 4500 | test_loss 1226.3038 | test_acc 0.3604 | 
[INFO] L2P.py:339 > Train | Sample # 4504 | train_loss 41.0741 | train_acc 0.6302 | lr 0.007767 | running_time 0:59:46 | ETA 10:03:51
[INFO] L2P.py:339 > Train | Sample # 4512 | train_loss 40.4202 | train_acc 0.6823 | lr 0.007749 | running_time 0:59:49 | ETA 10:03:11
[INFO] L2P.py:339 > Train | Sample # 4520 | train_loss 40.1825 | train_acc 0.7135 | lr 0.007730 | running_time 0:59:52 | ETA 10:02:31
[INFO] L2P.py:339 > Train | Sample # 4528 | train_loss 40.3776 | train_acc 0.6719 | lr 0.007712 | running_time 0:59:55 | ETA 10:01:51
[INFO] L2P.py:339 > Train | Sample # 4536 | train_loss 41.2106 | train_acc 0.6771 | lr 0.007693 | running_time 0:59:58 | ETA 10:01:11
[INFO] L2P.py:339 > Train | Sample # 4544 | train_loss 40.7045 | train_acc 0.6901 | lr 0.007675 | running_time 1:00:01 | ETA 10:00:32
[INFO] L2P.py:339 > Train | Sample # 4552 | train_loss 40.5603 | train_acc 0.7109 | lr 0.007656 | running_time 1:00:04 | ETA 9:59:52
[INFO] L2P.py:339 > Train | Sample # 4560 | train_loss 41.5616 | train_acc 0.7135 | lr 0.007638 | running_time 1:00:08 | ETA 9:59:13
[INFO] L2P.py:339 > Train | Sample # 4568 | train_loss 40.6140 | train_acc 0.6536 | lr 0.007620 | running_time 1:00:11 | ETA 9:58:34
[INFO] L2P.py:339 > Train | Sample # 4576 | train_loss 40.1121 | train_acc 0.7630 | lr 0.007601 | running_time 1:00:14 | ETA 9:57:54
[INFO] L2P.py:339 > Train | Sample # 4584 | train_loss 40.2508 | train_acc 0.7708 | lr 0.007583 | running_time 1:00:17 | ETA 9:57:15
[INFO] L2P.py:339 > Train | Sample # 4592 | train_loss 40.4452 | train_acc 0.7708 | lr 0.007565 | running_time 1:00:20 | ETA 9:56:36
[INFO] L2P.py:339 > Train | Sample # 4600 | train_loss 40.8822 | train_acc 0.6589 | lr 0.007547 | running_time 1:00:23 | ETA 9:55:57
[INFO] L2P.py:349 > Test | Sample # 4600 | test_loss 1225.8175 | test_acc 0.3684 | 
[INFO] L2P.py:339 > Train | Sample # 4608 | train_loss 40.3619 | train_acc 0.7240 | lr 0.007529 | running_time 1:01:15 | ETA 10:03:25
[INFO] L2P.py:339 > Train | Sample # 4616 | train_loss 41.0487 | train_acc 0.6615 | lr 0.007511 | running_time 1:01:18 | ETA 10:02:46
[INFO] L2P.py:339 > Train | Sample # 4624 | train_loss 41.0543 | train_acc 0.6823 | lr 0.007493 | running_time 1:01:21 | ETA 10:02:07
[INFO] L2P.py:339 > Train | Sample # 4632 | train_loss 41.0698 | train_acc 0.6406 | lr 0.007475 | running_time 1:01:24 | ETA 10:01:28
[INFO] L2P.py:339 > Train | Sample # 4640 | train_loss 40.6739 | train_acc 0.6745 | lr 0.007457 | running_time 1:01:27 | ETA 10:00:49
[INFO] L2P.py:339 > Train | Sample # 4648 | train_loss 40.1912 | train_acc 0.7161 | lr 0.007439 | running_time 1:01:30 | ETA 10:00:10
[INFO] L2P.py:339 > Train | Sample # 4656 | train_loss 40.4417 | train_acc 0.5469 | lr 0.007421 | running_time 1:01:33 | ETA 9:59:31
[INFO] L2P.py:339 > Train | Sample # 4664 | train_loss 40.6282 | train_acc 0.6953 | lr 0.007403 | running_time 1:01:36 | ETA 9:58:53
[INFO] L2P.py:339 > Train | Sample # 4672 | train_loss 40.1195 | train_acc 0.7526 | lr 0.007386 | running_time 1:01:39 | ETA 9:58:14
[INFO] L2P.py:339 > Train | Sample # 4680 | train_loss 40.5412 | train_acc 0.7474 | lr 0.007368 | running_time 1:01:42 | ETA 9:57:35
[INFO] L2P.py:339 > Train | Sample # 4688 | train_loss 41.3074 | train_acc 0.6432 | lr 0.007350 | running_time 1:01:45 | ETA 9:56:57
[INFO] L2P.py:339 > Train | Sample # 4696 | train_loss 40.3836 | train_acc 0.7005 | lr 0.007333 | running_time 1:01:48 | ETA 9:56:19
[INFO] L2P.py:349 > Test | Sample # 4700 | test_loss 1226.2515 | test_acc 0.3545 | 
[INFO] L2P.py:339 > Train | Sample # 4704 | train_loss 40.1465 | train_acc 0.7422 | lr 0.007315 | running_time 1:02:41 | ETA 10:03:37
[INFO] L2P.py:339 > Train | Sample # 4712 | train_loss 40.5732 | train_acc 0.6849 | lr 0.007297 | running_time 1:02:44 | ETA 10:02:58
[INFO] L2P.py:339 > Train | Sample # 4720 | train_loss 40.0607 | train_acc 0.7708 | lr 0.007280 | running_time 1:02:47 | ETA 10:02:19
[INFO] L2P.py:339 > Train | Sample # 4728 | train_loss 40.4154 | train_acc 0.6771 | lr 0.007263 | running_time 1:02:50 | ETA 10:01:41
[INFO] L2P.py:339 > Train | Sample # 4736 | train_loss 40.1270 | train_acc 0.7786 | lr 0.007245 | running_time 1:02:53 | ETA 10:01:02
[INFO] L2P.py:339 > Train | Sample # 4744 | train_loss 40.1844 | train_acc 0.7344 | lr 0.007228 | running_time 1:02:56 | ETA 10:00:24
[INFO] L2P.py:339 > Train | Sample # 4752 | train_loss 40.4313 | train_acc 0.6276 | lr 0.007210 | running_time 1:02:59 | ETA 9:59:45
[INFO] L2P.py:339 > Train | Sample # 4760 | train_loss 41.5486 | train_acc 0.6589 | lr 0.007193 | running_time 1:03:02 | ETA 9:59:07
[INFO] L2P.py:339 > Train | Sample # 4768 | train_loss 40.3827 | train_acc 0.7552 | lr 0.007176 | running_time 1:03:05 | ETA 9:58:29
[INFO] L2P.py:339 > Train | Sample # 4776 | train_loss 40.7317 | train_acc 0.6328 | lr 0.007159 | running_time 1:03:08 | ETA 9:57:51
[INFO] L2P.py:339 > Train | Sample # 4784 | train_loss 40.8517 | train_acc 0.5807 | lr 0.007142 | running_time 1:03:11 | ETA 9:57:13
[INFO] L2P.py:339 > Train | Sample # 4792 | train_loss 40.4271 | train_acc 0.7370 | lr 0.007124 | running_time 1:03:14 | ETA 9:56:35
[INFO] L2P.py:339 > Train | Sample # 4800 | train_loss 41.3771 | train_acc 0.6120 | lr 0.007107 | running_time 1:03:17 | ETA 9:55:58
[INFO] L2P.py:349 > Test | Sample # 4800 | test_loss 1225.7123 | test_acc 0.3738 | 
[INFO] L2P.py:339 > Train | Sample # 4808 | train_loss 40.2657 | train_acc 0.7344 | lr 0.007090 | running_time 1:04:09 | ETA 10:03:04
[INFO] L2P.py:339 > Train | Sample # 4816 | train_loss 40.9769 | train_acc 0.6771 | lr 0.007073 | running_time 1:04:12 | ETA 10:02:26
[INFO] L2P.py:339 > Train | Sample # 4824 | train_loss 40.7239 | train_acc 0.6302 | lr 0.007056 | running_time 1:04:15 | ETA 10:01:48
[INFO] L2P.py:339 > Train | Sample # 4832 | train_loss 40.3195 | train_acc 0.7109 | lr 0.007039 | running_time 1:04:18 | ETA 10:01:11
[INFO] L2P.py:339 > Train | Sample # 4840 | train_loss 40.3572 | train_acc 0.7578 | lr 0.007023 | running_time 1:04:21 | ETA 10:00:33
[INFO] L2P.py:339 > Train | Sample # 4848 | train_loss 40.8357 | train_acc 0.5964 | lr 0.007006 | running_time 1:04:24 | ETA 9:59:55
[INFO] L2P.py:339 > Train | Sample # 4856 | train_loss 40.6040 | train_acc 0.6510 | lr 0.006989 | running_time 1:04:27 | ETA 9:59:17
[INFO] L2P.py:339 > Train | Sample # 4864 | train_loss 40.8261 | train_acc 0.6328 | lr 0.006972 | running_time 1:04:30 | ETA 9:58:40
[INFO] L2P.py:339 > Train | Sample # 4872 | train_loss 40.3522 | train_acc 0.6667 | lr 0.006955 | running_time 1:04:33 | ETA 9:58:02
[INFO] L2P.py:339 > Train | Sample # 4880 | train_loss 41.9549 | train_acc 0.6120 | lr 0.006939 | running_time 1:04:36 | ETA 9:57:25
[INFO] L2P.py:339 > Train | Sample # 4888 | train_loss 40.4018 | train_acc 0.7578 | lr 0.006922 | running_time 1:04:39 | ETA 9:56:48
[INFO] L2P.py:339 > Train | Sample # 4896 | train_loss 40.7206 | train_acc 0.6849 | lr 0.006906 | running_time 1:04:42 | ETA 9:56:11
[INFO] L2P.py:349 > Test | Sample # 4900 | test_loss 1225.1545 | test_acc 0.3769 | 
[INFO] L2P.py:339 > Train | Sample # 4904 | train_loss 40.3854 | train_acc 0.7214 | lr 0.006889 | running_time 1:05:35 | ETA 10:03:07
[INFO] L2P.py:339 > Train | Sample # 4912 | train_loss 40.5093 | train_acc 0.6641 | lr 0.006872 | running_time 1:05:38 | ETA 10:02:30
[INFO] L2P.py:339 > Train | Sample # 4920 | train_loss 40.0103 | train_acc 0.7656 | lr 0.006856 | running_time 1:05:41 | ETA 10:01:52
[INFO] L2P.py:339 > Train | Sample # 4928 | train_loss 40.5808 | train_acc 0.6276 | lr 0.006840 | running_time 1:05:44 | ETA 10:01:15
[INFO] L2P.py:339 > Train | Sample # 4936 | train_loss 40.8153 | train_acc 0.5885 | lr 0.006823 | running_time 1:05:47 | ETA 10:00:37
[INFO] L2P.py:339 > Train | Sample # 4944 | train_loss 40.1872 | train_acc 0.7318 | lr 0.006807 | running_time 1:05:50 | ETA 10:00:00
[INFO] L2P.py:339 > Train | Sample # 4952 | train_loss 40.5730 | train_acc 0.6354 | lr 0.006790 | running_time 1:05:53 | ETA 9:59:23
[INFO] L2P.py:339 > Train | Sample # 4960 | train_loss 40.3878 | train_acc 0.7422 | lr 0.006774 | running_time 1:05:56 | ETA 9:58:46
[INFO] L2P.py:339 > Train | Sample # 4968 | train_loss 40.4122 | train_acc 0.7500 | lr 0.006758 | running_time 1:05:59 | ETA 9:58:09
[INFO] L2P.py:339 > Train | Sample # 4976 | train_loss 40.4192 | train_acc 0.6719 | lr 0.006742 | running_time 1:06:02 | ETA 9:57:33
[INFO] L2P.py:339 > Train | Sample # 4984 | train_loss 40.4413 | train_acc 0.6771 | lr 0.006726 | running_time 1:06:05 | ETA 9:56:56
[INFO] L2P.py:339 > Train | Sample # 4992 | train_loss 40.3447 | train_acc 0.7578 | lr 0.006709 | running_time 1:06:08 | ETA 9:56:20
[INFO] L2P.py:339 > Train | Sample # 5000 | train_loss 40.7143 | train_acc 0.6250 | lr 0.006693 | running_time 1:06:11 | ETA 9:55:43
[INFO] L2P.py:349 > Test | Sample # 5000 | test_loss 1225.0865 | test_acc 0.3751 | 
[INFO] L2P.py:349 > Test | Sample # 5000 | test_loss 1225.0529 | test_acc 0.3751 | 
[INFO] main.py:147 > [2-4] Update the information for the current task
[INFO] main.py:151 > [2-5] Report task result
[INFO] main.py:123 > [2-1] Prepare a datalist for the current task
[INFO] L2P.py:339 > Train | Sample # 5008 | train_loss 42.8098 | train_acc 0.5625 | lr 0.006677 | running_time 1:07:53 | ETA 10:09:54
[INFO] L2P.py:339 > Train | Sample # 5016 | train_loss 43.5380 | train_acc 0.5599 | lr 0.006661 | running_time 1:07:56 | ETA 10:09:17
[INFO] L2P.py:339 > Train | Sample # 5024 | train_loss 41.8945 | train_acc 0.5208 | lr 0.006645 | running_time 1:07:59 | ETA 10:08:39
[INFO] L2P.py:339 > Train | Sample # 5032 | train_loss 42.2331 | train_acc 0.5599 | lr 0.006629 | running_time 1:08:02 | ETA 10:08:02
[INFO] L2P.py:339 > Train | Sample # 5040 | train_loss 42.4052 | train_acc 0.6016 | lr 0.006614 | running_time 1:08:05 | ETA 10:07:25
[INFO] L2P.py:339 > Train | Sample # 5048 | train_loss 41.2298 | train_acc 0.6354 | lr 0.006598 | running_time 1:08:08 | ETA 10:06:47
[INFO] L2P.py:339 > Train | Sample # 5056 | train_loss 42.1489 | train_acc 0.5938 | lr 0.006582 | running_time 1:08:11 | ETA 10:06:10
[INFO] L2P.py:339 > Train | Sample # 5064 | train_loss 43.7597 | train_acc 0.5521 | lr 0.006566 | running_time 1:08:14 | ETA 10:05:33
[INFO] L2P.py:339 > Train | Sample # 5072 | train_loss 41.8005 | train_acc 0.5833 | lr 0.006550 | running_time 1:08:17 | ETA 10:04:56
[INFO] L2P.py:339 > Train | Sample # 5080 | train_loss 41.4101 | train_acc 0.6615 | lr 0.006535 | running_time 1:08:20 | ETA 10:04:19
[INFO] L2P.py:339 > Train | Sample # 5088 | train_loss 41.8748 | train_acc 0.6016 | lr 0.006519 | running_time 1:08:23 | ETA 10:03:42
[INFO] L2P.py:339 > Train | Sample # 5096 | train_loss 41.5703 | train_acc 0.5990 | lr 0.006503 | running_time 1:08:26 | ETA 10:03:05
[INFO] L2P.py:349 > Test | Sample # 5100 | test_loss 1225.6550 | test_acc 0.4000 | 
[INFO] L2P.py:339 > Train | Sample # 5104 | train_loss 41.0671 | train_acc 0.7083 | lr 0.006488 | running_time 1:09:23 | ETA 10:10:25
[INFO] L2P.py:339 > Train | Sample # 5112 | train_loss 41.8308 | train_acc 0.5911 | lr 0.006472 | running_time 1:09:26 | ETA 10:09:48
[INFO] L2P.py:339 > Train | Sample # 5120 | train_loss 41.0979 | train_acc 0.6458 | lr 0.006457 | running_time 1:09:29 | ETA 10:09:10
[INFO] L2P.py:339 > Train | Sample # 5128 | train_loss 42.6139 | train_acc 0.5260 | lr 0.006441 | running_time 1:09:32 | ETA 10:08:33
[INFO] L2P.py:339 > Train | Sample # 5136 | train_loss 41.8924 | train_acc 0.6589 | lr 0.006426 | running_time 1:09:35 | ETA 10:07:56
[INFO] L2P.py:339 > Train | Sample # 5144 | train_loss 41.2443 | train_acc 0.6510 | lr 0.006410 | running_time 1:09:38 | ETA 10:07:19
[INFO] L2P.py:339 > Train | Sample # 5152 | train_loss 41.4958 | train_acc 0.5651 | lr 0.006395 | running_time 1:09:41 | ETA 10:06:43
[INFO] L2P.py:339 > Train | Sample # 5160 | train_loss 41.3561 | train_acc 0.5599 | lr 0.006380 | running_time 1:09:44 | ETA 10:06:06
[INFO] L2P.py:339 > Train | Sample # 5168 | train_loss 42.2003 | train_acc 0.5781 | lr 0.006364 | running_time 1:09:47 | ETA 10:05:30
[INFO] L2P.py:339 > Train | Sample # 5176 | train_loss 41.1839 | train_acc 0.6719 | lr 0.006349 | running_time 1:09:50 | ETA 10:04:53
[INFO] L2P.py:339 > Train | Sample # 5184 | train_loss 43.0268 | train_acc 0.5755 | lr 0.006334 | running_time 1:09:54 | ETA 10:04:17
[INFO] L2P.py:339 > Train | Sample # 5192 | train_loss 41.4762 | train_acc 0.5990 | lr 0.006319 | running_time 1:09:57 | ETA 10:03:41
[INFO] L2P.py:339 > Train | Sample # 5200 | train_loss 40.8927 | train_acc 0.6797 | lr 0.006304 | running_time 1:10:00 | ETA 10:03:05
[INFO] L2P.py:349 > Test | Sample # 5200 | test_loss 1225.4038 | test_acc 0.4163 | 
[INFO] L2P.py:339 > Train | Sample # 5208 | train_loss 41.5433 | train_acc 0.6458 | lr 0.006288 | running_time 1:10:56 | ETA 10:10:12
[INFO] L2P.py:339 > Train | Sample # 5216 | train_loss 40.8627 | train_acc 0.6536 | lr 0.006273 | running_time 1:10:59 | ETA 10:09:35
[INFO] L2P.py:339 > Train | Sample # 5224 | train_loss 41.3653 | train_acc 0.5859 | lr 0.006258 | running_time 1:11:02 | ETA 10:08:58
[INFO] L2P.py:339 > Train | Sample # 5232 | train_loss 41.7857 | train_acc 0.6068 | lr 0.006243 | running_time 1:11:05 | ETA 10:08:22
[INFO] L2P.py:339 > Train | Sample # 5240 | train_loss 41.8042 | train_acc 0.5703 | lr 0.006228 | running_time 1:11:09 | ETA 10:07:46
[INFO] L2P.py:339 > Train | Sample # 5248 | train_loss 41.5411 | train_acc 0.6615 | lr 0.006213 | running_time 1:11:12 | ETA 10:07:09
[INFO] L2P.py:339 > Train | Sample # 5256 | train_loss 41.3045 | train_acc 0.6276 | lr 0.006199 | running_time 1:11:15 | ETA 10:06:33
[INFO] L2P.py:339 > Train | Sample # 5264 | train_loss 41.0511 | train_acc 0.6901 | lr 0.006184 | running_time 1:11:18 | ETA 10:05:57
[INFO] L2P.py:339 > Train | Sample # 5272 | train_loss 41.5107 | train_acc 0.5885 | lr 0.006169 | running_time 1:11:21 | ETA 10:05:21
[INFO] L2P.py:339 > Train | Sample # 5280 | train_loss 42.4940 | train_acc 0.6172 | lr 0.006154 | running_time 1:11:24 | ETA 10:04:45
[INFO] L2P.py:339 > Train | Sample # 5288 | train_loss 41.8975 | train_acc 0.6328 | lr 0.006139 | running_time 1:11:27 | ETA 10:04:09
[INFO] L2P.py:339 > Train | Sample # 5296 | train_loss 41.2853 | train_acc 0.6484 | lr 0.006125 | running_time 1:11:30 | ETA 10:03:33
